Mono path[0] = 'D:/Univ/Laurea Magistrale/Computer Graphics e Multimedia/Progetto/Supervised-Learning-Pacman/Pacman_Data/Managed'
Mono config path = 'D:/Univ/Laurea Magistrale/Computer Graphics e Multimedia/Progetto/Supervised-Learning-Pacman/MonoBleedingEdge/etc'
Initialize engine version: 2021.3.9f1 (ad3870b89536)
[Subsystems] Discovering subsystems at path D:/Univ/Laurea Magistrale/Computer Graphics e Multimedia/Progetto/Supervised-Learning-Pacman/Pacman_Data/UnitySubsystems
GfxDevice: creating device client; threaded=1; jobified=0
Direct3D:
    Version:  Direct3D 11.0 [level 11.1]
    Renderer: NVIDIA GeForce RTX 3060 (ID=0x2503)
    Vendor:   NVIDIA
    VRAM:     12142 MB
    Driver:   31.0.15.1659
Begin MonoManager ReloadAssembly
Symbol file D:\Univ\Laurea Magistrale\Computer Graphics e Multimedia\Progetto\Supervised-Learning-Pacman\Pacman_Data\Managed\UnityEngine.pdb doesn't match image D:\Univ\Laurea Magistrale\Computer Graphics e Multimedia\Progetto\Supervised-Learning-Pacman\Pacman_Data\Managed\UnityEngine.dll
Symbol file D:\Univ\Laurea Magistrale\Computer Graphics e Multimedia\Progetto\Supervised-Learning-Pacman\Pacman_Data\Managed\UnityEngine.AIModule.pdb doesn't match image D:\Univ\Laurea Magistrale\Computer Graphics e Multimedia\Progetto\Supervised-Learning-Pacman\Pacman_Data\Managed\UnityEngine.AIModule.dll
Symbol file D:\Univ\Laurea Magistrale\Computer Graphics e Multimedia\Progetto\Supervised-Learning-Pacman\Pacman_Data\Managed\UnityEngine.AccessibilityModule.pdb doesn't match image D:\Univ\Laurea Magistrale\Computer Graphics e Multimedia\Progetto\Supervised-Learning-Pacman\Pacman_Data\Managed\UnityEngine.AccessibilityModule.dll
Symbol file D:\Univ\Laurea Magistrale\Computer Graphics e Multimedia\Progetto\Supervised-Learning-Pacman\Pacman_Data\Managed\UnityEngine.AndroidJNIModule.pdb doesn't match image D:\Univ\Laurea Magistrale\Computer Graphics e Multimedia\Progetto\Supervised-Learning-Pacman\Pacman_Data\Managed\UnityEngine.AndroidJNIModule.dll
Symbol file D:\Univ\Laurea Magistrale\Computer Graphics e Multimedia\Progetto\Supervised-Learning-Pacman\Pacman_Data\Managed\UnityEngine.AnimationModule.pdb doesn't match image D:\Univ\Laurea Magistrale\Computer Graphics e Multimedia\Progetto\Supervised-Learning-Pacman\Pacman_Data\Managed\UnityEngine.AnimationModule.dll
Symbol file D:\Univ\Laurea Magistrale\Computer Graphics e Multimedia\Progetto\Supervised-Learning-Pacman\Pacman_Data\Managed\UnityEngine.AssetBundleModule.pdb doesn't match image D:\Univ\Laurea Magistrale\Computer Graphics e Multimedia\Progetto\Supervised-Learning-Pacman\Pacman_Data\Managed\UnityEngine.AssetBundleModule.dll
Symbol file D:\Univ\Laurea Magistrale\Computer Graphics e Multimedia\Progetto\Supervised-Learning-Pacman\Pacman_Data\Managed\UnityEngine.AudioModule.pdb doesn't match image D:\Univ\Laurea Magistrale\Computer Graphics e Multimedia\Progetto\Supervised-Learning-Pacman\Pacman_Data\Managed\UnityEngine.AudioModule.dll
Symbol file D:\Univ\Laurea Magistrale\Computer Graphics e Multimedia\Progetto\Supervised-Learning-Pacman\Pacman_Data\Managed\UnityEngine.ClothModule.pdb doesn't match image D:\Univ\Laurea Magistrale\Computer Graphics e Multimedia\Progetto\Supervised-Learning-Pacman\Pacman_Data\Managed\UnityEngine.ClothModule.dll
Symbol file D:\Univ\Laurea Magistrale\Computer Graphics e Multimedia\Progetto\Supervised-Learning-Pacman\Pacman_Data\Managed\UnityEngine.ClusterInputModule.pdb doesn't match image D:\Univ\Laurea Magistrale\Computer Graphics e Multimedia\Progetto\Supervised-Learning-Pacman\Pacman_Data\Managed\UnityEngine.ClusterInputModule.dll
Symbol file D:\Univ\Laurea Magistrale\Computer Graphics e Multimedia\Progetto\Supervised-Learning-Pacman\Pacman_Data\Managed\UnityEngine.ClusterRendererModule.pdb doesn't match image D:\Univ\Laurea Magistrale\Computer Graphics e Multimedia\Progetto\Supervised-Learning-Pacman\Pacman_Data\Managed\UnityEngine.ClusterRendererModule.dll
Symbol file D:\Univ\Laurea Magistrale\Computer Graphics e Multimedia\Progetto\Supervised-Learning-Pacman\Pacman_Data\Managed\UnityEngine.CoreModule.pdb doesn't match image D:\Univ\Laurea Magistrale\Computer Graphics e Multimedia\Progetto\Supervised-Learning-Pacman\Pacman_Data\Managed\UnityEngine.CoreModule.dll
Symbol file D:\Univ\Laurea Magistrale\Computer Graphics e Multimedia\Progetto\Supervised-Learning-Pacman\Pacman_Data\Managed\UnityEngine.CrashReportingModule.pdb doesn't match image D:\Univ\Laurea Magistrale\Computer Graphics e Multimedia\Progetto\Supervised-Learning-Pacman\Pacman_Data\Managed\UnityEngine.CrashReportingModule.dll
Symbol file D:\Univ\Laurea Magistrale\Computer Graphics e Multimedia\Progetto\Supervised-Learning-Pacman\Pacman_Data\Managed\UnityEngine.DSPGraphModule.pdb doesn't match image D:\Univ\Laurea Magistrale\Computer Graphics e Multimedia\Progetto\Supervised-Learning-Pacman\Pacman_Data\Managed\UnityEngine.DSPGraphModule.dll
Symbol file D:\Univ\Laurea Magistrale\Computer Graphics e Multimedia\Progetto\Supervised-Learning-Pacman\Pacman_Data\Managed\UnityEngine.DirectorModule.pdb doesn't match image D:\Univ\Laurea Magistrale\Computer Graphics e Multimedia\Progetto\Supervised-Learning-Pacman\Pacman_Data\Managed\UnityEngine.DirectorModule.dll
Symbol file D:\Univ\Laurea Magistrale\Computer Graphics e Multimedia\Progetto\Supervised-Learning-Pacman\Pacman_Data\Managed\UnityEngine.GIModule.pdb doesn't match image D:\Univ\Laurea Magistrale\Computer Graphics e Multimedia\Progetto\Supervised-Learning-Pacman\Pacman_Data\Managed\UnityEngine.GIModule.dll
Symbol file D:\Univ\Laurea Magistrale\Computer Graphics e Multimedia\Progetto\Supervised-Learning-Pacman\Pacman_Data\Managed\UnityEngine.GameCenterModule.pdb doesn't match image D:\Univ\Laurea Magistrale\Computer Graphics e Multimedia\Progetto\Supervised-Learning-Pacman\Pacman_Data\Managed\UnityEngine.GameCenterModule.dll
Symbol file D:\Univ\Laurea Magistrale\Computer Graphics e Multimedia\Progetto\Supervised-Learning-Pacman\Pacman_Data\Managed\UnityEngine.GridModule.pdb doesn't match image D:\Univ\Laurea Magistrale\Computer Graphics e Multimedia\Progetto\Supervised-Learning-Pacman\Pacman_Data\Managed\UnityEngine.GridModule.dll
Symbol file D:\Univ\Laurea Magistrale\Computer Graphics e Multimedia\Progetto\Supervised-Learning-Pacman\Pacman_Data\Managed\UnityEngine.HotReloadModule.pdb doesn't match image D:\Univ\Laurea Magistrale\Computer Graphics e Multimedia\Progetto\Supervised-Learning-Pacman\Pacman_Data\Managed\UnityEngine.HotReloadModule.dll
Symbol file D:\Univ\Laurea Magistrale\Computer Graphics e Multimedia\Progetto\Supervised-Learning-Pacman\Pacman_Data\Managed\UnityEngine.IMGUIModule.pdb doesn't match image D:\Univ\Laurea Magistrale\Computer Graphics e Multimedia\Progetto\Supervised-Learning-Pacman\Pacman_Data\Managed\UnityEngine.IMGUIModule.dll
Symbol file D:\Univ\Laurea Magistrale\Computer Graphics e Multimedia\Progetto\Supervised-Learning-Pacman\Pacman_Data\Managed\UnityEngine.ImageConversionModule.pdb doesn't match image D:\Univ\Laurea Magistrale\Computer Graphics e Multimedia\Progetto\Supervised-Learning-Pacman\Pacman_Data\Managed\UnityEngine.ImageConversionModule.dll
Symbol file D:\Univ\Laurea Magistrale\Computer Graphics e Multimedia\Progetto\Supervised-Learning-Pacman\Pacman_Data\Managed\UnityEngine.InputModule.pdb doesn't match image D:\Univ\Laurea Magistrale\Computer Graphics e Multimedia\Progetto\Supervised-Learning-Pacman\Pacman_Data\Managed\UnityEngine.InputModule.dll
Symbol file D:\Univ\Laurea Magistrale\Computer Graphics e Multimedia\Progetto\Supervised-Learning-Pacman\Pacman_Data\Managed\UnityEngine.InputLegacyModule.pdb doesn't match image D:\Univ\Laurea Magistrale\Computer Graphics e Multimedia\Progetto\Supervised-Learning-Pacman\Pacman_Data\Managed\UnityEngine.InputLegacyModule.dll
Symbol file D:\Univ\Laurea Magistrale\Computer Graphics e Multimedia\Progetto\Supervised-Learning-Pacman\Pacman_Data\Managed\UnityEngine.JSONSerializeModule.pdb doesn't match image D:\Univ\Laurea Magistrale\Computer Graphics e Multimedia\Progetto\Supervised-Learning-Pacman\Pacman_Data\Managed\UnityEngine.JSONSerializeModule.dll
Symbol file D:\Univ\Laurea Magistrale\Computer Graphics e Multimedia\Progetto\Supervised-Learning-Pacman\Pacman_Data\Managed\UnityEngine.LocalizationModule.pdb doesn't match image D:\Univ\Laurea Magistrale\Computer Graphics e Multimedia\Progetto\Supervised-Learning-Pacman\Pacman_Data\Managed\UnityEngine.LocalizationModule.dll
Symbol file D:\Univ\Laurea Magistrale\Computer Graphics e Multimedia\Progetto\Supervised-Learning-Pacman\Pacman_Data\Managed\UnityEngine.ParticleSystemModule.pdb doesn't match image D:\Univ\Laurea Magistrale\Computer Graphics e Multimedia\Progetto\Supervised-Learning-Pacman\Pacman_Data\Managed\UnityEngine.ParticleSystemModule.dll
Symbol file D:\Univ\Laurea Magistrale\Computer Graphics e Multimedia\Progetto\Supervised-Learning-Pacman\Pacman_Data\Managed\UnityEngine.PerformanceReportingModule.pdb doesn't match image D:\Univ\Laurea Magistrale\Computer Graphics e Multimedia\Progetto\Supervised-Learning-Pacman\Pacman_Data\Managed\UnityEngine.PerformanceReportingModule.dll
Symbol file D:\Univ\Laurea Magistrale\Computer Graphics e Multimedia\Progetto\Supervised-Learning-Pacman\Pacman_Data\Managed\UnityEngine.PhysicsModule.pdb doesn't match image D:\Univ\Laurea Magistrale\Computer Graphics e Multimedia\Progetto\Supervised-Learning-Pacman\Pacman_Data\Managed\UnityEngine.PhysicsModule.dll
Symbol file D:\Univ\Laurea Magistrale\Computer Graphics e Multimedia\Progetto\Supervised-Learning-Pacman\Pacman_Data\Managed\UnityEngine.Physics2DModule.pdb doesn't match image D:\Univ\Laurea Magistrale\Computer Graphics e Multimedia\Progetto\Supervised-Learning-Pacman\Pacman_Data\Managed\UnityEngine.Physics2DModule.dll
Symbol file D:\Univ\Laurea Magistrale\Computer Graphics e Multimedia\Progetto\Supervised-Learning-Pacman\Pacman_Data\Managed\UnityEngine.ProfilerModule.pdb doesn't match image D:\Univ\Laurea Magistrale\Computer Graphics e Multimedia\Progetto\Supervised-Learning-Pacman\Pacman_Data\Managed\UnityEngine.ProfilerModule.dll
Symbol file D:\Univ\Laurea Magistrale\Computer Graphics e Multimedia\Progetto\Supervised-Learning-Pacman\Pacman_Data\Managed\UnityEngine.RuntimeInitializeOnLoadManagerInitializerModule.pdb doesn't match image D:\Univ\Laurea Magistrale\Computer Graphics e Multimedia\Progetto\Supervised-Learning-Pacman\Pacman_Data\Managed\UnityEngine.RuntimeInitializeOnLoadManagerInitializerModule.dll
Symbol file D:\Univ\Laurea Magistrale\Computer Graphics e Multimedia\Progetto\Supervised-Learning-Pacman\Pacman_Data\Managed\UnityEngine.ScreenCaptureModule.pdb doesn't match image D:\Univ\Laurea Magistrale\Computer Graphics e Multimedia\Progetto\Supervised-Learning-Pacman\Pacman_Data\Managed\UnityEngine.ScreenCaptureModule.dll
Symbol file D:\Univ\Laurea Magistrale\Computer Graphics e Multimedia\Progetto\Supervised-Learning-Pacman\Pacman_Data\Managed\UnityEngine.SharedInternalsModule.pdb doesn't match image D:\Univ\Laurea Magistrale\Computer Graphics e Multimedia\Progetto\Supervised-Learning-Pacman\Pacman_Data\Managed\UnityEngine.SharedInternalsModule.dll
Symbol file D:\Univ\Laurea Magistrale\Computer Graphics e Multimedia\Progetto\Supervised-Learning-Pacman\Pacman_Data\Managed\UnityEngine.SpriteMaskModule.pdb doesn't match image D:\Univ\Laurea Magistrale\Computer Graphics e Multimedia\Progetto\Supervised-Learning-Pacman\Pacman_Data\Managed\UnityEngine.SpriteMaskModule.dll
Symbol file D:\Univ\Laurea Magistrale\Computer Graphics e Multimedia\Progetto\Supervised-Learning-Pacman\Pacman_Data\Managed\UnityEngine.SpriteShapeModule.pdb doesn't match image D:\Univ\Laurea Magistrale\Computer Graphics e Multimedia\Progetto\Supervised-Learning-Pacman\Pacman_Data\Managed\UnityEngine.SpriteShapeModule.dll
Symbol file D:\Univ\Laurea Magistrale\Computer Graphics e Multimedia\Progetto\Supervised-Learning-Pacman\Pacman_Data\Managed\UnityEngine.StreamingModule.pdb doesn't match image D:\Univ\Laurea Magistrale\Computer Graphics e Multimedia\Progetto\Supervised-Learning-Pacman\Pacman_Data\Managed\UnityEngine.StreamingModule.dll
Symbol file D:\Univ\Laurea Magistrale\Computer Graphics e Multimedia\Progetto\Supervised-Learning-Pacman\Pacman_Data\Managed\UnityEngine.SubstanceModule.pdb doesn't match image D:\Univ\Laurea Magistrale\Computer Graphics e Multimedia\Progetto\Supervised-Learning-Pacman\Pacman_Data\Managed\UnityEngine.SubstanceModule.dll
Symbol file D:\Univ\Laurea Magistrale\Computer Graphics e Multimedia\Progetto\Supervised-Learning-Pacman\Pacman_Data\Managed\UnityEngine.SubsystemsModule.pdb doesn't match image D:\Univ\Laurea Magistrale\Computer Graphics e Multimedia\Progetto\Supervised-Learning-Pacman\Pacman_Data\Managed\UnityEngine.SubsystemsModule.dll
Symbol file D:\Univ\Laurea Magistrale\Computer Graphics e Multimedia\Progetto\Supervised-Learning-Pacman\Pacman_Data\Managed\UnityEngine.TLSModule.pdb doesn't match image D:\Univ\Laurea Magistrale\Computer Graphics e Multimedia\Progetto\Supervised-Learning-Pacman\Pacman_Data\Managed\UnityEngine.TLSModule.dll
Symbol file D:\Univ\Laurea Magistrale\Computer Graphics e Multimedia\Progetto\Supervised-Learning-Pacman\Pacman_Data\Managed\UnityEngine.TerrainModule.pdb doesn't match image D:\Univ\Laurea Magistrale\Computer Graphics e Multimedia\Progetto\Supervised-Learning-Pacman\Pacman_Data\Managed\UnityEngine.TerrainModule.dll
Symbol file D:\Univ\Laurea Magistrale\Computer Graphics e Multimedia\Progetto\Supervised-Learning-Pacman\Pacman_Data\Managed\UnityEngine.TerrainPhysicsModule.pdb doesn't match image D:\Univ\Laurea Magistrale\Computer Graphics e Multimedia\Progetto\Supervised-Learning-Pacman\Pacman_Data\Managed\UnityEngine.TerrainPhysicsModule.dll
Symbol file D:\Univ\Laurea Magistrale\Computer Graphics e Multimedia\Progetto\Supervised-Learning-Pacman\Pacman_Data\Managed\UnityEngine.TextCoreFontEngineModule.pdb doesn't match image D:\Univ\Laurea Magistrale\Computer Graphics e Multimedia\Progetto\Supervised-Learning-Pacman\Pacman_Data\Managed\UnityEngine.TextCoreFontEngineModule.dll
Symbol file D:\Univ\Laurea Magistrale\Computer Graphics e Multimedia\Progetto\Supervised-Learning-Pacman\Pacman_Data\Managed\UnityEngine.TextCoreTextEngineModule.pdb doesn't match image D:\Univ\Laurea Magistrale\Computer Graphics e Multimedia\Progetto\Supervised-Learning-Pacman\Pacman_Data\Managed\UnityEngine.TextCoreTextEngineModule.dll
Symbol file D:\Univ\Laurea Magistrale\Computer Graphics e Multimedia\Progetto\Supervised-Learning-Pacman\Pacman_Data\Managed\UnityEngine.TextRenderingModule.pdb doesn't match image D:\Univ\Laurea Magistrale\Computer Graphics e Multimedia\Progetto\Supervised-Learning-Pacman\Pacman_Data\Managed\UnityEngine.TextRenderingModule.dll
Symbol file D:\Univ\Laurea Magistrale\Computer Graphics e Multimedia\Progetto\Supervised-Learning-Pacman\Pacman_Data\Managed\UnityEngine.TilemapModule.pdb doesn't match image D:\Univ\Laurea Magistrale\Computer Graphics e Multimedia\Progetto\Supervised-Learning-Pacman\Pacman_Data\Managed\UnityEngine.TilemapModule.dll
Symbol file D:\Univ\Laurea Magistrale\Computer Graphics e Multimedia\Progetto\Supervised-Learning-Pacman\Pacman_Data\Managed\UnityEngine.UIModule.pdb doesn't match image D:\Univ\Laurea Magistrale\Computer Graphics e Multimedia\Progetto\Supervised-Learning-Pacman\Pacman_Data\Managed\UnityEngine.UIModule.dll
Symbol file D:\Univ\Laurea Magistrale\Computer Graphics e Multimedia\Progetto\Supervised-Learning-Pacman\Pacman_Data\Managed\UnityEngine.UIElementsModule.pdb doesn't match image D:\Univ\Laurea Magistrale\Computer Graphics e Multimedia\Progetto\Supervised-Learning-Pacman\Pacman_Data\Managed\UnityEngine.UIElementsModule.dll
Symbol file D:\Univ\Laurea Magistrale\Computer Graphics e Multimedia\Progetto\Supervised-Learning-Pacman\Pacman_Data\Managed\UnityEngine.UIElementsNativeModule.pdb doesn't match image D:\Univ\Laurea Magistrale\Computer Graphics e Multimedia\Progetto\Supervised-Learning-Pacman\Pacman_Data\Managed\UnityEngine.UIElementsNativeModule.dll
Symbol file D:\Univ\Laurea Magistrale\Computer Graphics e Multimedia\Progetto\Supervised-Learning-Pacman\Pacman_Data\Managed\UnityEngine.UNETModule.pdb doesn't match image D:\Univ\Laurea Magistrale\Computer Graphics e Multimedia\Progetto\Supervised-Learning-Pacman\Pacman_Data\Managed\UnityEngine.UNETModule.dll
Symbol file D:\Univ\Laurea Magistrale\Computer Graphics e Multimedia\Progetto\Supervised-Learning-Pacman\Pacman_Data\Managed\UnityEngine.UmbraModule.pdb doesn't match image D:\Univ\Laurea Magistrale\Computer Graphics e Multimedia\Progetto\Supervised-Learning-Pacman\Pacman_Data\Managed\UnityEngine.UmbraModule.dll
Symbol file D:\Univ\Laurea Magistrale\Computer Graphics e Multimedia\Progetto\Supervised-Learning-Pacman\Pacman_Data\Managed\UnityEngine.UnityAnalyticsModule.pdb doesn't match image D:\Univ\Laurea Magistrale\Computer Graphics e Multimedia\Progetto\Supervised-Learning-Pacman\Pacman_Data\Managed\UnityEngine.UnityAnalyticsModule.dll
Symbol file D:\Univ\Laurea Magistrale\Computer Graphics e Multimedia\Progetto\Supervised-Learning-Pacman\Pacman_Data\Managed\UnityEngine.UnityConnectModule.pdb doesn't match image D:\Univ\Laurea Magistrale\Computer Graphics e Multimedia\Progetto\Supervised-Learning-Pacman\Pacman_Data\Managed\UnityEngine.UnityConnectModule.dll
Symbol file D:\Univ\Laurea Magistrale\Computer Graphics e Multimedia\Progetto\Supervised-Learning-Pacman\Pacman_Data\Managed\UnityEngine.UnityCurlModule.pdb doesn't match image D:\Univ\Laurea Magistrale\Computer Graphics e Multimedia\Progetto\Supervised-Learning-Pacman\Pacman_Data\Managed\UnityEngine.UnityCurlModule.dll
Symbol file D:\Univ\Laurea Magistrale\Computer Graphics e Multimedia\Progetto\Supervised-Learning-Pacman\Pacman_Data\Managed\UnityEngine.UnityTestProtocolModule.pdb doesn't match image D:\Univ\Laurea Magistrale\Computer Graphics e Multimedia\Progetto\Supervised-Learning-Pacman\Pacman_Data\Managed\UnityEngine.UnityTestProtocolModule.dll
Symbol file D:\Univ\Laurea Magistrale\Computer Graphics e Multimedia\Progetto\Supervised-Learning-Pacman\Pacman_Data\Managed\UnityEngine.UnityWebRequestModule.pdb doesn't match image D:\Univ\Laurea Magistrale\Computer Graphics e Multimedia\Progetto\Supervised-Learning-Pacman\Pacman_Data\Managed\UnityEngine.UnityWebRequestModule.dll
Symbol file D:\Univ\Laurea Magistrale\Computer Graphics e Multimedia\Progetto\Supervised-Learning-Pacman\Pacman_Data\Managed\UnityEngine.UnityWebRequestAssetBundleModule.pdb doesn't match image D:\Univ\Laurea Magistrale\Computer Graphics e Multimedia\Progetto\Supervised-Learning-Pacman\Pacman_Data\Managed\UnityEngine.UnityWebRequestAssetBundleModule.dll
Symbol file D:\Univ\Laurea Magistrale\Computer Graphics e Multimedia\Progetto\Supervised-Learning-Pacman\Pacman_Data\Managed\UnityEngine.UnityWebRequestAudioModule.pdb doesn't match image D:\Univ\Laurea Magistrale\Computer Graphics e Multimedia\Progetto\Supervised-Learning-Pacman\Pacman_Data\Managed\UnityEngine.UnityWebRequestAudioModule.dll
Symbol file D:\Univ\Laurea Magistrale\Computer Graphics e Multimedia\Progetto\Supervised-Learning-Pacman\Pacman_Data\Managed\UnityEngine.UnityWebRequestTextureModule.pdb doesn't match image D:\Univ\Laurea Magistrale\Computer Graphics e Multimedia\Progetto\Supervised-Learning-Pacman\Pacman_Data\Managed\UnityEngine.UnityWebRequestTextureModule.dll
Symbol file D:\Univ\Laurea Magistrale\Computer Graphics e Multimedia\Progetto\Supervised-Learning-Pacman\Pacman_Data\Managed\UnityEngine.UnityWebRequestWWWModule.pdb doesn't match image D:\Univ\Laurea Magistrale\Computer Graphics e Multimedia\Progetto\Supervised-Learning-Pacman\Pacman_Data\Managed\UnityEngine.UnityWebRequestWWWModule.dll
Symbol file D:\Univ\Laurea Magistrale\Computer Graphics e Multimedia\Progetto\Supervised-Learning-Pacman\Pacman_Data\Managed\UnityEngine.VFXModule.pdb doesn't match image D:\Univ\Laurea Magistrale\Computer Graphics e Multimedia\Progetto\Supervised-Learning-Pacman\Pacman_Data\Managed\UnityEngine.VFXModule.dll
Symbol file D:\Univ\Laurea Magistrale\Computer Graphics e Multimedia\Progetto\Supervised-Learning-Pacman\Pacman_Data\Managed\UnityEngine.VRModule.pdb doesn't match image D:\Univ\Laurea Magistrale\Computer Graphics e Multimedia\Progetto\Supervised-Learning-Pacman\Pacman_Data\Managed\UnityEngine.VRModule.dll
Symbol file D:\Univ\Laurea Magistrale\Computer Graphics e Multimedia\Progetto\Supervised-Learning-Pacman\Pacman_Data\Managed\UnityEngine.VehiclesModule.pdb doesn't match image D:\Univ\Laurea Magistrale\Computer Graphics e Multimedia\Progetto\Supervised-Learning-Pacman\Pacman_Data\Managed\UnityEngine.VehiclesModule.dll
Symbol file D:\Univ\Laurea Magistrale\Computer Graphics e Multimedia\Progetto\Supervised-Learning-Pacman\Pacman_Data\Managed\UnityEngine.VideoModule.pdb doesn't match image D:\Univ\Laurea Magistrale\Computer Graphics e Multimedia\Progetto\Supervised-Learning-Pacman\Pacman_Data\Managed\UnityEngine.VideoModule.dll
Symbol file D:\Univ\Laurea Magistrale\Computer Graphics e Multimedia\Progetto\Supervised-Learning-Pacman\Pacman_Data\Managed\UnityEngine.VirtualTexturingModule.pdb doesn't match image D:\Univ\Laurea Magistrale\Computer Graphics e Multimedia\Progetto\Supervised-Learning-Pacman\Pacman_Data\Managed\UnityEngine.VirtualTexturingModule.dll
Symbol file D:\Univ\Laurea Magistrale\Computer Graphics e Multimedia\Progetto\Supervised-Learning-Pacman\Pacman_Data\Managed\UnityEngine.WindModule.pdb doesn't match image D:\Univ\Laurea Magistrale\Computer Graphics e Multimedia\Progetto\Supervised-Learning-Pacman\Pacman_Data\Managed\UnityEngine.WindModule.dll
Symbol file D:\Univ\Laurea Magistrale\Computer Graphics e Multimedia\Progetto\Supervised-Learning-Pacman\Pacman_Data\Managed\UnityEngine.XRModule.pdb doesn't match image D:\Univ\Laurea Magistrale\Computer Graphics e Multimedia\Progetto\Supervised-Learning-Pacman\Pacman_Data\Managed\UnityEngine.XRModule.dll
Symbol file D:\Univ\Laurea Magistrale\Computer Graphics e Multimedia\Progetto\Supervised-Learning-Pacman\Pacman_Data\Managed\Assembly-CSharp.pdb doesn't match image D:\Univ\Laurea Magistrale\Computer Graphics e Multimedia\Progetto\Supervised-Learning-Pacman\Pacman_Data\Managed\Assembly-CSharp.dll
Symbol file D:\Univ\Laurea Magistrale\Computer Graphics e Multimedia\Progetto\Supervised-Learning-Pacman\Pacman_Data\Managed\Unity.ML-Agents.pdb doesn't match image D:\Univ\Laurea Magistrale\Computer Graphics e Multimedia\Progetto\Supervised-Learning-Pacman\Pacman_Data\Managed\Unity.ML-Agents.dll
Symbol file D:\Univ\Laurea Magistrale\Computer Graphics e Multimedia\Progetto\Supervised-Learning-Pacman\Pacman_Data\Managed\Unity.InternalAPIEngineBridge.001.pdb doesn't match image D:\Univ\Laurea Magistrale\Computer Graphics e Multimedia\Progetto\Supervised-Learning-Pacman\Pacman_Data\Managed\Unity.InternalAPIEngineBridge.001.dll
Symbol file D:\Univ\Laurea Magistrale\Computer Graphics e Multimedia\Progetto\Supervised-Learning-Pacman\Pacman_Data\Managed\Unity.2D.PixelPerfect.pdb doesn't match image D:\Univ\Laurea Magistrale\Computer Graphics e Multimedia\Progetto\Supervised-Learning-Pacman\Pacman_Data\Managed\Unity.2D.PixelPerfect.dll
Symbol file D:\Univ\Laurea Magistrale\Computer Graphics e Multimedia\Progetto\Supervised-Learning-Pacman\Pacman_Data\Managed\Unity.Services.Core.Telemetry.pdb doesn't match image D:\Univ\Laurea Magistrale\Computer Graphics e Multimedia\Progetto\Supervised-Learning-Pacman\Pacman_Data\Managed\Unity.Services.Core.Telemetry.dll
Symbol file D:\Univ\Laurea Magistrale\Computer Graphics e Multimedia\Progetto\Supervised-Learning-Pacman\Pacman_Data\Managed\Unity.Services.Core.Networking.pdb doesn't match image D:\Univ\Laurea Magistrale\Computer Graphics e Multimedia\Progetto\Supervised-Learning-Pacman\Pacman_Data\Managed\Unity.Services.Core.Networking.dll
Symbol file D:\Univ\Laurea Magistrale\Computer Graphics e Multimedia\Progetto\Supervised-Learning-Pacman\Pacman_Data\Managed\Unity.Services.Core.Internal.pdb doesn't match image D:\Univ\Laurea Magistrale\Computer Graphics e Multimedia\Progetto\Supervised-Learning-Pacman\Pacman_Data\Managed\Unity.Services.Core.Internal.dll
Symbol file D:\Univ\Laurea Magistrale\Computer Graphics e Multimedia\Progetto\Supervised-Learning-Pacman\Pacman_Data\Managed\UnityEngine.UI.pdb doesn't match image D:\Univ\Laurea Magistrale\Computer Graphics e Multimedia\Progetto\Supervised-Learning-Pacman\Pacman_Data\Managed\UnityEngine.UI.dll
Symbol file D:\Univ\Laurea Magistrale\Computer Graphics e Multimedia\Progetto\Supervised-Learning-Pacman\Pacman_Data\Managed\Unity.Services.Core.Configuration.pdb doesn't match image D:\Univ\Laurea Magistrale\Computer Graphics e Multimedia\Progetto\Supervised-Learning-Pacman\Pacman_Data\Managed\Unity.Services.Core.Configuration.dll
Symbol file D:\Univ\Laurea Magistrale\Computer Graphics e Multimedia\Progetto\Supervised-Learning-Pacman\Pacman_Data\Managed\Unity.ML-Agents.CommunicatorObjects.pdb doesn't match image D:\Univ\Laurea Magistrale\Computer Graphics e Multimedia\Progetto\Supervised-Learning-Pacman\Pacman_Data\Managed\Unity.ML-Agents.CommunicatorObjects.dll
Symbol file D:\Univ\Laurea Magistrale\Computer Graphics e Multimedia\Progetto\Supervised-Learning-Pacman\Pacman_Data\Managed\Unity.2D.IK.Runtime.pdb doesn't match image D:\Univ\Laurea Magistrale\Computer Graphics e Multimedia\Progetto\Supervised-Learning-Pacman\Pacman_Data\Managed\Unity.2D.IK.Runtime.dll
Symbol file D:\Univ\Laurea Magistrale\Computer Graphics e Multimedia\Progetto\Supervised-Learning-Pacman\Pacman_Data\Managed\Unity.Services.Core.Registration.pdb doesn't match image D:\Univ\Laurea Magistrale\Computer Graphics e Multimedia\Progetto\Supervised-Learning-Pacman\Pacman_Data\Managed\Unity.Services.Core.Registration.dll
Symbol file D:\Univ\Laurea Magistrale\Computer Graphics e Multimedia\Progetto\Supervised-Learning-Pacman\Pacman_Data\Managed\Unity.Services.Core.Environments.Internal.pdb doesn't match image D:\Univ\Laurea Magistrale\Computer Graphics e Multimedia\Progetto\Supervised-Learning-Pacman\Pacman_Data\Managed\Unity.Services.Core.Environments.Internal.dll
Symbol file D:\Univ\Laurea Magistrale\Computer Graphics e Multimedia\Progetto\Supervised-Learning-Pacman\Pacman_Data\Managed\Unity.Services.Core.Threading.pdb doesn't match image D:\Univ\Laurea Magistrale\Computer Graphics e Multimedia\Progetto\Supervised-Learning-Pacman\Pacman_Data\Managed\Unity.Services.Core.Threading.dll
Symbol file D:\Univ\Laurea Magistrale\Computer Graphics e Multimedia\Progetto\Supervised-Learning-Pacman\Pacman_Data\Managed\Unity.Barracuda.ONNX.pdb doesn't match image D:\Univ\Laurea Magistrale\Computer Graphics e Multimedia\Progetto\Supervised-Learning-Pacman\Pacman_Data\Managed\Unity.Barracuda.ONNX.dll
Symbol file D:\Univ\Laurea Magistrale\Computer Graphics e Multimedia\Progetto\Supervised-Learning-Pacman\Pacman_Data\Managed\Unity.2D.Tilemap.Extras.pdb doesn't match image D:\Univ\Laurea Magistrale\Computer Graphics e Multimedia\Progetto\Supervised-Learning-Pacman\Pacman_Data\Managed\Unity.2D.Tilemap.Extras.dll
Symbol file D:\Univ\Laurea Magistrale\Computer Graphics e Multimedia\Progetto\Supervised-Learning-Pacman\Pacman_Data\Managed\Unity.Barracuda.BurstBLAS.pdb doesn't match image D:\Univ\Laurea Magistrale\Computer Graphics e Multimedia\Progetto\Supervised-Learning-Pacman\Pacman_Data\Managed\Unity.Barracuda.BurstBLAS.dll
Symbol file D:\Univ\Laurea Magistrale\Computer Graphics e Multimedia\Progetto\Supervised-Learning-Pacman\Pacman_Data\Managed\Unity.Barracuda.pdb doesn't match image D:\Univ\Laurea Magistrale\Computer Graphics e Multimedia\Progetto\Supervised-Learning-Pacman\Pacman_Data\Managed\Unity.Barracuda.dll
Symbol file D:\Univ\Laurea Magistrale\Computer Graphics e Multimedia\Progetto\Supervised-Learning-Pacman\Pacman_Data\Managed\Unity.Timeline.pdb doesn't match image D:\Univ\Laurea Magistrale\Computer Graphics e Multimedia\Progetto\Supervised-Learning-Pacman\Pacman_Data\Managed\Unity.Timeline.dll
Symbol file D:\Univ\Laurea Magistrale\Computer Graphics e Multimedia\Progetto\Supervised-Learning-Pacman\Pacman_Data\Managed\Unity.TextMeshPro.pdb doesn't match image D:\Univ\Laurea Magistrale\Computer Graphics e Multimedia\Progetto\Supervised-Learning-Pacman\Pacman_Data\Managed\Unity.TextMeshPro.dll
Symbol file D:\Univ\Laurea Magistrale\Computer Graphics e Multimedia\Progetto\Supervised-Learning-Pacman\Pacman_Data\Managed\Unity.VisualScripting.Flow.pdb doesn't match image D:\Univ\Laurea Magistrale\Computer Graphics e Multimedia\Progetto\Supervised-Learning-Pacman\Pacman_Data\Managed\Unity.VisualScripting.Flow.dll
Symbol file D:\Univ\Laurea Magistrale\Computer Graphics e Multimedia\Progetto\Supervised-Learning-Pacman\Pacman_Data\Managed\Unity.Services.Core.pdb doesn't match image D:\Univ\Laurea Magistrale\Computer Graphics e Multimedia\Progetto\Supervised-Learning-Pacman\Pacman_Data\Managed\Unity.Services.Core.dll
Symbol file D:\Univ\Laurea Magistrale\Computer Graphics e Multimedia\Progetto\Supervised-Learning-Pacman\Pacman_Data\Managed\Unity.VisualScripting.Core.pdb doesn't match image D:\Univ\Laurea Magistrale\Computer Graphics e Multimedia\Progetto\Supervised-Learning-Pacman\Pacman_Data\Managed\Unity.VisualScripting.Core.dll
Symbol file D:\Univ\Laurea Magistrale\Computer Graphics e Multimedia\Progetto\Supervised-Learning-Pacman\Pacman_Data\Managed\Unity.Mathematics.pdb doesn't match image D:\Univ\Laurea Magistrale\Computer Graphics e Multimedia\Progetto\Supervised-Learning-Pacman\Pacman_Data\Managed\Unity.Mathematics.dll
Symbol file D:\Univ\Laurea Magistrale\Computer Graphics e Multimedia\Progetto\Supervised-Learning-Pacman\Pacman_Data\Managed\Unity.Services.Core.Analytics.pdb doesn't match image D:\Univ\Laurea Magistrale\Computer Graphics e Multimedia\Progetto\Supervised-Learning-Pacman\Pacman_Data\Managed\Unity.Services.Core.Analytics.dll
Symbol file D:\Univ\Laurea Magistrale\Computer Graphics e Multimedia\Progetto\Supervised-Learning-Pacman\Pacman_Data\Managed\Unity.Burst.pdb doesn't match image D:\Univ\Laurea Magistrale\Computer Graphics e Multimedia\Progetto\Supervised-Learning-Pacman\Pacman_Data\Managed\Unity.Burst.dll
Symbol file D:\Univ\Laurea Magistrale\Computer Graphics e Multimedia\Progetto\Supervised-Learning-Pacman\Pacman_Data\Managed\Unity.Services.Core.Environments.pdb doesn't match image D:\Univ\Laurea Magistrale\Computer Graphics e Multimedia\Progetto\Supervised-Learning-Pacman\Pacman_Data\Managed\Unity.Services.Core.Environments.dll
Symbol file D:\Univ\Laurea Magistrale\Computer Graphics e Multimedia\Progetto\Supervised-Learning-Pacman\Pacman_Data\Managed\Unity.2D.Animation.Runtime.pdb doesn't match image D:\Univ\Laurea Magistrale\Computer Graphics e Multimedia\Progetto\Supervised-Learning-Pacman\Pacman_Data\Managed\Unity.2D.Animation.Runtime.dll
Symbol file D:\Univ\Laurea Magistrale\Computer Graphics e Multimedia\Progetto\Supervised-Learning-Pacman\Pacman_Data\Managed\Unity.Services.Core.Scheduler.pdb doesn't match image D:\Univ\Laurea Magistrale\Computer Graphics e Multimedia\Progetto\Supervised-Learning-Pacman\Pacman_Data\Managed\Unity.Services.Core.Scheduler.dll
Symbol file D:\Univ\Laurea Magistrale\Computer Graphics e Multimedia\Progetto\Supervised-Learning-Pacman\Pacman_Data\Managed\Unity.2D.Common.Runtime.pdb doesn't match image D:\Univ\Laurea Magistrale\Computer Graphics e Multimedia\Progetto\Supervised-Learning-Pacman\Pacman_Data\Managed\Unity.2D.Common.Runtime.dll
Symbol file D:\Univ\Laurea Magistrale\Computer Graphics e Multimedia\Progetto\Supervised-Learning-Pacman\Pacman_Data\Managed\Unity.2D.SpriteShape.Runtime.pdb doesn't match image D:\Univ\Laurea Magistrale\Computer Graphics e Multimedia\Progetto\Supervised-Learning-Pacman\Pacman_Data\Managed\Unity.2D.SpriteShape.Runtime.dll
Symbol file D:\Univ\Laurea Magistrale\Computer Graphics e Multimedia\Progetto\Supervised-Learning-Pacman\Pacman_Data\Managed\Unity.VisualScripting.State.pdb doesn't match image D:\Univ\Laurea Magistrale\Computer Graphics e Multimedia\Progetto\Supervised-Learning-Pacman\Pacman_Data\Managed\Unity.VisualScripting.State.dll
Symbol file D:\Univ\Laurea Magistrale\Computer Graphics e Multimedia\Progetto\Supervised-Learning-Pacman\Pacman_Data\Managed\Unity.Services.Core.Device.pdb doesn't match image D:\Univ\Laurea Magistrale\Computer Graphics e Multimedia\Progetto\Supervised-Learning-Pacman\Pacman_Data\Managed\Unity.Services.Core.Device.dll
- Completed reload, in  2.497 seconds
<RI> Initializing input.
<RI> Input initialized.
<RI> Initialized touch support.
UnloadTime: 0.615700 ms
Registered Communicator.
Setting up 8 worker threads for Enlighten.
Memory Statistics:
[ALLOC_TEMP_TLS] TLS Allocator
  StackAllocators : 
    [ALLOC_TEMP_MAIN]
      Peak usage frame count: [16.0 KB-32.0 KB]: 180 frames, [32.0 KB-64.0 KB]: 175 frames, [2.0 MB-4.0 MB]: 1 frames
      Initial Block Size 4.0 MB
      Current Block Size 4.0 MB
      Peak Allocated Bytes 2.1 MB
      Overflow Count 0
    [ALLOC_TEMP_Loading.AsyncRead]
      Initial Block Size 64.0 KB
      Current Block Size 64.0 KB
      Peak Allocated Bytes 393 B
      Overflow Count 0
    [ALLOC_TEMP_Loading.PreloadManager]
      Initial Block Size 256.0 KB
      Current Block Size 256.0 KB
      Peak Allocated Bytes 88.2 KB
      Overflow Count 4
    [ALLOC_TEMP_Background Job.Worker 8]
      Initial Block Size 32.0 KB
      Current Block Size 32.0 KB
      Peak Allocated Bytes 54 B
      Overflow Count 0
    [ALLOC_TEMP_Job.Worker 6]
      Initial Block Size 256.0 KB
      Current Block Size 256.0 KB
      Peak Allocated Bytes 2.0 KB
      Overflow Count 0
    [ALLOC_TEMP_Job.Worker 0]
      Initial Block Size 256.0 KB
      Current Block Size 256.0 KB
      Peak Allocated Bytes 2.0 KB
      Overflow Count 0
    [ALLOC_TEMP_Background Job.Worker 10]
      Initial Block Size 32.0 KB
      Current Block Size 32.0 KB
      Peak Allocated Bytes 54 B
      Overflow Count 0
    [ALLOC_TEMP_Background Job.Worker 9]
      Initial Block Size 32.0 KB
      Current Block Size 32.0 KB
      Peak Allocated Bytes 54 B
      Overflow Count 0
    [ALLOC_TEMP_Job.Worker 5]
      Initial Block Size 256.0 KB
      Current Block Size 256.0 KB
      Peak Allocated Bytes 2.0 KB
      Overflow Count 0
    [ALLOC_TEMP_Background Job.Worker 14]
      Initial Block Size 32.0 KB
      Current Block Size 32.0 KB
      Peak Allocated Bytes 54 B
      Overflow Count 0
    [ALLOC_TEMP_Background Job.Worker 6]
      Initial Block Size 32.0 KB
      Current Block Size 32.0 KB
      Peak Allocated Bytes 54 B
      Overflow Count 0
    [ALLOC_TEMP_Job.Worker 4]
      Initial Block Size 256.0 KB
      Current Block Size 256.0 KB
      Peak Allocated Bytes 2.0 KB
      Overflow Count 0
    [ALLOC_TEMP_Job.Worker 14]
      Initial Block Size 256.0 KB
      Current Block Size 256.0 KB
      Peak Allocated Bytes 2.0 KB
      Overflow Count 0
    [ALLOC_TEMP_Job.Worker 3]
      Initial Block Size 256.0 KB
      Current Block Size 256.0 KB
      Peak Allocated Bytes 2.0 KB
      Overflow Count 0
    [ALLOC_TEMP_Job.Worker 13]
      Initial Block Size 256.0 KB
      Current Block Size 256.0 KB
      Peak Allocated Bytes 2.0 KB
      Overflow Count 0
    [ALLOC_TEMP_Background Job.Worker 12]
      Initial Block Size 32.0 KB
      Current Block Size 32.0 KB
      Peak Allocated Bytes 54 B
      Overflow Count 0
    [ALLOC_TEMP_EnlightenWorker] x 8
      Initial Block Size 64.0 KB
      Current Block Size 64.0 KB
      Peak Allocated Bytes 54 B
      Overflow Count 0
    [ALLOC_TEMP_Background Job.Worker 15]
      Initial Block Size 32.0 KB
      Current Block Size 32.0 KB
      Peak Allocated Bytes 54 B
      Overflow Count 0
    [ALLOC_TEMP_Background Job.Worker 1]
      Initial Block Size 32.0 KB
      Current Block Size 32.0 KB
      Peak Allocated Bytes 54 B
      Overflow Count 0
    [ALLOC_TEMP_Background Job.Worker 2]
      Initial Block Size 32.0 KB
      Current Block Size 32.0 KB
      Peak Allocated Bytes 54 B
      Overflow Count 0
    [ALLOC_TEMP_Background Job.Worker 7]
      Initial Block Size 32.0 KB
      Current Block Size 32.0 KB
      Peak Allocated Bytes 54 B
      Overflow Count 0
    [ALLOC_TEMP_UnityGfxDeviceWorker]
      Initial Block Size 256.0 KB
      Current Block Size 256.0 KB
      Peak Allocated Bytes 8.8 KB
      Overflow Count 0
    [ALLOC_TEMP_AssetGarbageCollectorHelper] x 15
      Initial Block Size 64.0 KB
      Current Block Size 64.0 KB
      Peak Allocated Bytes 0 B
      Overflow Count 0
    [ALLOC_TEMP_Background Job.Worker 5]
      Initial Block Size 32.0 KB
      Current Block Size 32.0 KB
      Peak Allocated Bytes 54 B
      Overflow Count 0
    [ALLOC_TEMP_Job.Worker 9]
      Initial Block Size 256.0 KB
      Current Block Size 256.0 KB
      Peak Allocated Bytes 2.0 KB
      Overflow Count 0
    [ALLOC_TEMP_Background Job.Worker 13]
      Initial Block Size 32.0 KB
      Current Block Size 32.0 KB
      Peak Allocated Bytes 54 B
      Overflow Count 0
    [ALLOC_TEMP_Job.Worker 8]
      Initial Block Size 256.0 KB
      Current Block Size 256.0 KB
      Peak Allocated Bytes 2.0 KB
      Overflow Count 0
    [ALLOC_TEMP_Job.Worker 7]
      Initial Block Size 256.0 KB
      Current Block Size 256.0 KB
      Peak Allocated Bytes 2.0 KB
      Overflow Count 0
    [ALLOC_TEMP_Job.Worker 1]
      Initial Block Size 256.0 KB
      Current Block Size 256.0 KB
      Peak Allocated Bytes 2.0 KB
      Overflow Count 0
    [ALLOC_TEMP_Job.Worker 2]
      Initial Block Size 256.0 KB
      Current Block Size 256.0 KB
      Peak Allocated Bytes 2.0 KB
      Overflow Count 0
    [ALLOC_TEMP_Background Job.Worker 3]
      Initial Block Size 32.0 KB
      Current Block Size 32.0 KB
      Peak Allocated Bytes 54 B
      Overflow Count 0
    [ALLOC_TEMP_Background Job.Worker 11]
      Initial Block Size 32.0 KB
      Current Block Size 32.0 KB
      Peak Allocated Bytes 54 B
      Overflow Count 0
    [ALLOC_TEMP_Job.Worker 10]
      Initial Block Size 256.0 KB
      Current Block Size 256.0 KB
      Peak Allocated Bytes 2.0 KB
      Overflow Count 0
    [ALLOC_TEMP_Background Job.Worker 0]
      Initial Block Size 32.0 KB
      Current Block Size 32.0 KB
      Peak Allocated Bytes 54 B
      Overflow Count 0
    [ALLOC_TEMP_Job.Worker 11]
      Initial Block Size 256.0 KB
      Current Block Size 256.0 KB
      Peak Allocated Bytes 2.0 KB
      Overflow Count 0
    [ALLOC_TEMP_Job.Worker 12]
      Initial Block Size 256.0 KB
      Current Block Size 256.0 KB
      Peak Allocated Bytes 2.0 KB
      Overflow Count 0
    [ALLOC_TEMP_Background Job.Worker 4]
      Initial Block Size 32.0 KB
      Current Block Size 32.0 KB
      Peak Allocated Bytes 54 B
      Overflow Count 0
    [ALLOC_TEMP_BatchDeleteObjects]
      Initial Block Size 64.0 KB
      Current Block Size 64.0 KB
      Peak Allocated Bytes 54 B
      Overflow Count 0
[ALLOC_DEFAULT] Dual Thread Allocator
  Peak main deferred allocation count 640
    [ALLOC_BUCKET]
      Large Block size 4.0 MB
      Used Block count 1
      Peak Allocated bytes 1.1 MB
    [ALLOC_DEFAULT_MAIN]
      Peak usage frame count: [8.0 MB-16.0 MB]: 356 frames
      Requested Block Size 16.0 MB
      Peak Block count 1
      Peak Allocated memory 14.0 MB
      Peak Large allocation bytes 0 B
    [ALLOC_DEFAULT_THREAD]
      Peak usage frame count: [16.0 MB-32.0 MB]: 356 frames
      Requested Block Size 16.0 MB
      Peak Block count 1
      Peak Allocated memory 17.0 MB
      Peak Large allocation bytes 16.0 MB
[ALLOC_TEMP_JOB_1_FRAME]
  Initial Block Size 2.0 MB
  Used Block Count 1
  Overflow Count (too large) 0
  Overflow Count (full) 0
[ALLOC_TEMP_JOB_2_FRAMES]
  Initial Block Size 2.0 MB
  Used Block Count 1
  Overflow Count (too large) 0
  Overflow Count (full) 0
[ALLOC_TEMP_JOB_4_FRAMES (JobTemp)]
  Initial Block Size 2.0 MB
  Used Block Count 4
  Overflow Count (too large) 0
  Overflow Count (full) 0
[ALLOC_TEMP_JOB_ASYNC (Background)]
  Initial Block Size 1.0 MB
  Used Block Count 3
  Overflow Count (too large) 0
  Overflow Count (full) 0
[ALLOC_GFX] Dual Thread Allocator
  Peak main deferred allocation count 1
    [ALLOC_BUCKET]
      Large Block size 4.0 MB
      Used Block count 1
      Peak Allocated bytes 1.1 MB
    [ALLOC_GFX_MAIN]
      Peak usage frame count: [64.0 KB-128.0 KB]: 355 frames, [2.0 MB-4.0 MB]: 1 frames
      Requested Block Size 16.0 MB
      Peak Block count 1
      Peak Allocated memory 2.7 MB
      Peak Large allocation bytes 0 B
    [ALLOC_GFX_THREAD]
      Peak usage frame count: [64.0 KB-128.0 KB]: 356 frames
      Requested Block Size 16.0 MB
      Peak Block count 1
      Peak Allocated memory 108.1 KB
      Peak Large allocation bytes 0 B
[ALLOC_CACHEOBJECTS] Dual Thread Allocator
  Peak main deferred allocation count 2
    [ALLOC_BUCKET]
      Large Block size 4.0 MB
      Used Block count 1
      Peak Allocated bytes 1.1 MB
    [ALLOC_CACHEOBJECTS_MAIN]
      Peak usage frame count: [1.0 MB-2.0 MB]: 356 frames
      Requested Block Size 4.0 MB
      Peak Block count 1
      Peak Allocated memory 1.2 MB
      Peak Large allocation bytes 0 B
    [ALLOC_CACHEOBJECTS_THREAD]
      Peak usage frame count: [128.0 KB-256.0 KB]: 355 frames, [256.0 KB-0.5 MB]: 1 frames
      Requested Block Size 4.0 MB
      Peak Block count 1
      Peak Allocated memory 336.9 KB
      Peak Large allocation bytes 0 B
[ALLOC_TYPETREE] Dual Thread Allocator
  Peak main deferred allocation count 0
    [ALLOC_BUCKET]
      Large Block size 4.0 MB
      Used Block count 1
      Peak Allocated bytes 1.1 MB
    [ALLOC_TYPETREE_MAIN]
      Peak usage frame count: [0-1.0 KB]: 356 frames
      Requested Block Size 2.0 MB
      Peak Block count 1
      Peak Allocated memory 1.0 KB
      Peak Large allocation bytes 0 B
    [ALLOC_TYPETREE_THREAD]
      Peak usage frame count: [2.0 KB-4.0 KB]: 356 frames
      Requested Block Size 2.0 MB
      Peak Block count 1
      Peak Allocated memory 3.3 KB
      Peak Large allocation bytes 0 B
