Mono path[0] = 'D:/Univ/Laurea Magistrale/Computer Graphics e Multimedia/Progetto/Supervised-Learning-Pacman/Pacman_Data/Managed'
Mono config path = 'D:/Univ/Laurea Magistrale/Computer Graphics e Multimedia/Progetto/Supervised-Learning-Pacman/MonoBleedingEdge/etc'
Initialize engine version: 2021.3.9f1 (ad3870b89536)
[Subsystems] Discovering subsystems at path D:/Univ/Laurea Magistrale/Computer Graphics e Multimedia/Progetto/Supervised-Learning-Pacman/Pacman_Data/UnitySubsystems
GfxDevice: creating device client; threaded=1; jobified=0
Direct3D:
    Version:  Direct3D 11.0 [level 11.1]
    Renderer: NVIDIA GeForce RTX 3060 (ID=0x2503)
    Vendor:   NVIDIA
    VRAM:     12142 MB
    Driver:   31.0.15.1659
Begin MonoManager ReloadAssembly
Symbol file D:\Univ\Laurea Magistrale\Computer Graphics e Multimedia\Progetto\Supervised-Learning-Pacman\Pacman_Data\Managed\UnityEngine.pdb doesn't match image D:\Univ\Laurea Magistrale\Computer Graphics e Multimedia\Progetto\Supervised-Learning-Pacman\Pacman_Data\Managed\UnityEngine.dll
Symbol file D:\Univ\Laurea Magistrale\Computer Graphics e Multimedia\Progetto\Supervised-Learning-Pacman\Pacman_Data\Managed\UnityEngine.AIModule.pdb doesn't match image D:\Univ\Laurea Magistrale\Computer Graphics e Multimedia\Progetto\Supervised-Learning-Pacman\Pacman_Data\Managed\UnityEngine.AIModule.dll
Symbol file D:\Univ\Laurea Magistrale\Computer Graphics e Multimedia\Progetto\Supervised-Learning-Pacman\Pacman_Data\Managed\UnityEngine.AccessibilityModule.pdb doesn't match image D:\Univ\Laurea Magistrale\Computer Graphics e Multimedia\Progetto\Supervised-Learning-Pacman\Pacman_Data\Managed\UnityEngine.AccessibilityModule.dll
Symbol file D:\Univ\Laurea Magistrale\Computer Graphics e Multimedia\Progetto\Supervised-Learning-Pacman\Pacman_Data\Managed\UnityEngine.AndroidJNIModule.pdb doesn't match image D:\Univ\Laurea Magistrale\Computer Graphics e Multimedia\Progetto\Supervised-Learning-Pacman\Pacman_Data\Managed\UnityEngine.AndroidJNIModule.dll
Symbol file D:\Univ\Laurea Magistrale\Computer Graphics e Multimedia\Progetto\Supervised-Learning-Pacman\Pacman_Data\Managed\UnityEngine.AnimationModule.pdb doesn't match image D:\Univ\Laurea Magistrale\Computer Graphics e Multimedia\Progetto\Supervised-Learning-Pacman\Pacman_Data\Managed\UnityEngine.AnimationModule.dll
Symbol file D:\Univ\Laurea Magistrale\Computer Graphics e Multimedia\Progetto\Supervised-Learning-Pacman\Pacman_Data\Managed\UnityEngine.AssetBundleModule.pdb doesn't match image D:\Univ\Laurea Magistrale\Computer Graphics e Multimedia\Progetto\Supervised-Learning-Pacman\Pacman_Data\Managed\UnityEngine.AssetBundleModule.dll
Symbol file D:\Univ\Laurea Magistrale\Computer Graphics e Multimedia\Progetto\Supervised-Learning-Pacman\Pacman_Data\Managed\UnityEngine.AudioModule.pdb doesn't match image D:\Univ\Laurea Magistrale\Computer Graphics e Multimedia\Progetto\Supervised-Learning-Pacman\Pacman_Data\Managed\UnityEngine.AudioModule.dll
Symbol file D:\Univ\Laurea Magistrale\Computer Graphics e Multimedia\Progetto\Supervised-Learning-Pacman\Pacman_Data\Managed\UnityEngine.ClothModule.pdb doesn't match image D:\Univ\Laurea Magistrale\Computer Graphics e Multimedia\Progetto\Supervised-Learning-Pacman\Pacman_Data\Managed\UnityEngine.ClothModule.dll
Symbol file D:\Univ\Laurea Magistrale\Computer Graphics e Multimedia\Progetto\Supervised-Learning-Pacman\Pacman_Data\Managed\UnityEngine.ClusterInputModule.pdb doesn't match image D:\Univ\Laurea Magistrale\Computer Graphics e Multimedia\Progetto\Supervised-Learning-Pacman\Pacman_Data\Managed\UnityEngine.ClusterInputModule.dll
Symbol file D:\Univ\Laurea Magistrale\Computer Graphics e Multimedia\Progetto\Supervised-Learning-Pacman\Pacman_Data\Managed\UnityEngine.ClusterRendererModule.pdb doesn't match image D:\Univ\Laurea Magistrale\Computer Graphics e Multimedia\Progetto\Supervised-Learning-Pacman\Pacman_Data\Managed\UnityEngine.ClusterRendererModule.dll
Symbol file D:\Univ\Laurea Magistrale\Computer Graphics e Multimedia\Progetto\Supervised-Learning-Pacman\Pacman_Data\Managed\UnityEngine.CoreModule.pdb doesn't match image D:\Univ\Laurea Magistrale\Computer Graphics e Multimedia\Progetto\Supervised-Learning-Pacman\Pacman_Data\Managed\UnityEngine.CoreModule.dll
Symbol file D:\Univ\Laurea Magistrale\Computer Graphics e Multimedia\Progetto\Supervised-Learning-Pacman\Pacman_Data\Managed\UnityEngine.CrashReportingModule.pdb doesn't match image D:\Univ\Laurea Magistrale\Computer Graphics e Multimedia\Progetto\Supervised-Learning-Pacman\Pacman_Data\Managed\UnityEngine.CrashReportingModule.dll
Symbol file D:\Univ\Laurea Magistrale\Computer Graphics e Multimedia\Progetto\Supervised-Learning-Pacman\Pacman_Data\Managed\UnityEngine.DSPGraphModule.pdb doesn't match image D:\Univ\Laurea Magistrale\Computer Graphics e Multimedia\Progetto\Supervised-Learning-Pacman\Pacman_Data\Managed\UnityEngine.DSPGraphModule.dll
Symbol file D:\Univ\Laurea Magistrale\Computer Graphics e Multimedia\Progetto\Supervised-Learning-Pacman\Pacman_Data\Managed\UnityEngine.DirectorModule.pdb doesn't match image D:\Univ\Laurea Magistrale\Computer Graphics e Multimedia\Progetto\Supervised-Learning-Pacman\Pacman_Data\Managed\UnityEngine.DirectorModule.dll
Symbol file D:\Univ\Laurea Magistrale\Computer Graphics e Multimedia\Progetto\Supervised-Learning-Pacman\Pacman_Data\Managed\UnityEngine.GIModule.pdb doesn't match image D:\Univ\Laurea Magistrale\Computer Graphics e Multimedia\Progetto\Supervised-Learning-Pacman\Pacman_Data\Managed\UnityEngine.GIModule.dll
Symbol file D:\Univ\Laurea Magistrale\Computer Graphics e Multimedia\Progetto\Supervised-Learning-Pacman\Pacman_Data\Managed\UnityEngine.GameCenterModule.pdb doesn't match image D:\Univ\Laurea Magistrale\Computer Graphics e Multimedia\Progetto\Supervised-Learning-Pacman\Pacman_Data\Managed\UnityEngine.GameCenterModule.dll
Symbol file D:\Univ\Laurea Magistrale\Computer Graphics e Multimedia\Progetto\Supervised-Learning-Pacman\Pacman_Data\Managed\UnityEngine.GridModule.pdb doesn't match image D:\Univ\Laurea Magistrale\Computer Graphics e Multimedia\Progetto\Supervised-Learning-Pacman\Pacman_Data\Managed\UnityEngine.GridModule.dll
Symbol file D:\Univ\Laurea Magistrale\Computer Graphics e Multimedia\Progetto\Supervised-Learning-Pacman\Pacman_Data\Managed\UnityEngine.HotReloadModule.pdb doesn't match image D:\Univ\Laurea Magistrale\Computer Graphics e Multimedia\Progetto\Supervised-Learning-Pacman\Pacman_Data\Managed\UnityEngine.HotReloadModule.dll
Symbol file D:\Univ\Laurea Magistrale\Computer Graphics e Multimedia\Progetto\Supervised-Learning-Pacman\Pacman_Data\Managed\UnityEngine.IMGUIModule.pdb doesn't match image D:\Univ\Laurea Magistrale\Computer Graphics e Multimedia\Progetto\Supervised-Learning-Pacman\Pacman_Data\Managed\UnityEngine.IMGUIModule.dll
Symbol file D:\Univ\Laurea Magistrale\Computer Graphics e Multimedia\Progetto\Supervised-Learning-Pacman\Pacman_Data\Managed\UnityEngine.ImageConversionModule.pdb doesn't match image D:\Univ\Laurea Magistrale\Computer Graphics e Multimedia\Progetto\Supervised-Learning-Pacman\Pacman_Data\Managed\UnityEngine.ImageConversionModule.dll
Symbol file D:\Univ\Laurea Magistrale\Computer Graphics e Multimedia\Progetto\Supervised-Learning-Pacman\Pacman_Data\Managed\UnityEngine.InputModule.pdb doesn't match image D:\Univ\Laurea Magistrale\Computer Graphics e Multimedia\Progetto\Supervised-Learning-Pacman\Pacman_Data\Managed\UnityEngine.InputModule.dll
Symbol file D:\Univ\Laurea Magistrale\Computer Graphics e Multimedia\Progetto\Supervised-Learning-Pacman\Pacman_Data\Managed\UnityEngine.InputLegacyModule.pdb doesn't match image D:\Univ\Laurea Magistrale\Computer Graphics e Multimedia\Progetto\Supervised-Learning-Pacman\Pacman_Data\Managed\UnityEngine.InputLegacyModule.dll
Symbol file D:\Univ\Laurea Magistrale\Computer Graphics e Multimedia\Progetto\Supervised-Learning-Pacman\Pacman_Data\Managed\UnityEngine.JSONSerializeModule.pdb doesn't match image D:\Univ\Laurea Magistrale\Computer Graphics e Multimedia\Progetto\Supervised-Learning-Pacman\Pacman_Data\Managed\UnityEngine.JSONSerializeModule.dll
Symbol file D:\Univ\Laurea Magistrale\Computer Graphics e Multimedia\Progetto\Supervised-Learning-Pacman\Pacman_Data\Managed\UnityEngine.LocalizationModule.pdb doesn't match image D:\Univ\Laurea Magistrale\Computer Graphics e Multimedia\Progetto\Supervised-Learning-Pacman\Pacman_Data\Managed\UnityEngine.LocalizationModule.dll
Symbol file D:\Univ\Laurea Magistrale\Computer Graphics e Multimedia\Progetto\Supervised-Learning-Pacman\Pacman_Data\Managed\UnityEngine.ParticleSystemModule.pdb doesn't match image D:\Univ\Laurea Magistrale\Computer Graphics e Multimedia\Progetto\Supervised-Learning-Pacman\Pacman_Data\Managed\UnityEngine.ParticleSystemModule.dll
Symbol file D:\Univ\Laurea Magistrale\Computer Graphics e Multimedia\Progetto\Supervised-Learning-Pacman\Pacman_Data\Managed\UnityEngine.PerformanceReportingModule.pdb doesn't match image D:\Univ\Laurea Magistrale\Computer Graphics e Multimedia\Progetto\Supervised-Learning-Pacman\Pacman_Data\Managed\UnityEngine.PerformanceReportingModule.dll
Symbol file D:\Univ\Laurea Magistrale\Computer Graphics e Multimedia\Progetto\Supervised-Learning-Pacman\Pacman_Data\Managed\UnityEngine.PhysicsModule.pdb doesn't match image D:\Univ\Laurea Magistrale\Computer Graphics e Multimedia\Progetto\Supervised-Learning-Pacman\Pacman_Data\Managed\UnityEngine.PhysicsModule.dll
Symbol file D:\Univ\Laurea Magistrale\Computer Graphics e Multimedia\Progetto\Supervised-Learning-Pacman\Pacman_Data\Managed\UnityEngine.Physics2DModule.pdb doesn't match image D:\Univ\Laurea Magistrale\Computer Graphics e Multimedia\Progetto\Supervised-Learning-Pacman\Pacman_Data\Managed\UnityEngine.Physics2DModule.dll
Symbol file D:\Univ\Laurea Magistrale\Computer Graphics e Multimedia\Progetto\Supervised-Learning-Pacman\Pacman_Data\Managed\UnityEngine.ProfilerModule.pdb doesn't match image D:\Univ\Laurea Magistrale\Computer Graphics e Multimedia\Progetto\Supervised-Learning-Pacman\Pacman_Data\Managed\UnityEngine.ProfilerModule.dll
Symbol file D:\Univ\Laurea Magistrale\Computer Graphics e Multimedia\Progetto\Supervised-Learning-Pacman\Pacman_Data\Managed\UnityEngine.RuntimeInitializeOnLoadManagerInitializerModule.pdb doesn't match image D:\Univ\Laurea Magistrale\Computer Graphics e Multimedia\Progetto\Supervised-Learning-Pacman\Pacman_Data\Managed\UnityEngine.RuntimeInitializeOnLoadManagerInitializerModule.dll
Symbol file D:\Univ\Laurea Magistrale\Computer Graphics e Multimedia\Progetto\Supervised-Learning-Pacman\Pacman_Data\Managed\UnityEngine.ScreenCaptureModule.pdb doesn't match image D:\Univ\Laurea Magistrale\Computer Graphics e Multimedia\Progetto\Supervised-Learning-Pacman\Pacman_Data\Managed\UnityEngine.ScreenCaptureModule.dll
Symbol file D:\Univ\Laurea Magistrale\Computer Graphics e Multimedia\Progetto\Supervised-Learning-Pacman\Pacman_Data\Managed\UnityEngine.SharedInternalsModule.pdb doesn't match image D:\Univ\Laurea Magistrale\Computer Graphics e Multimedia\Progetto\Supervised-Learning-Pacman\Pacman_Data\Managed\UnityEngine.SharedInternalsModule.dll
Symbol file D:\Univ\Laurea Magistrale\Computer Graphics e Multimedia\Progetto\Supervised-Learning-Pacman\Pacman_Data\Managed\UnityEngine.SpriteMaskModule.pdb doesn't match image D:\Univ\Laurea Magistrale\Computer Graphics e Multimedia\Progetto\Supervised-Learning-Pacman\Pacman_Data\Managed\UnityEngine.SpriteMaskModule.dll
Symbol file D:\Univ\Laurea Magistrale\Computer Graphics e Multimedia\Progetto\Supervised-Learning-Pacman\Pacman_Data\Managed\UnityEngine.SpriteShapeModule.pdb doesn't match image D:\Univ\Laurea Magistrale\Computer Graphics e Multimedia\Progetto\Supervised-Learning-Pacman\Pacman_Data\Managed\UnityEngine.SpriteShapeModule.dll
Symbol file D:\Univ\Laurea Magistrale\Computer Graphics e Multimedia\Progetto\Supervised-Learning-Pacman\Pacman_Data\Managed\UnityEngine.StreamingModule.pdb doesn't match image D:\Univ\Laurea Magistrale\Computer Graphics e Multimedia\Progetto\Supervised-Learning-Pacman\Pacman_Data\Managed\UnityEngine.StreamingModule.dll
Symbol file D:\Univ\Laurea Magistrale\Computer Graphics e Multimedia\Progetto\Supervised-Learning-Pacman\Pacman_Data\Managed\UnityEngine.SubstanceModule.pdb doesn't match image D:\Univ\Laurea Magistrale\Computer Graphics e Multimedia\Progetto\Supervised-Learning-Pacman\Pacman_Data\Managed\UnityEngine.SubstanceModule.dll
Symbol file D:\Univ\Laurea Magistrale\Computer Graphics e Multimedia\Progetto\Supervised-Learning-Pacman\Pacman_Data\Managed\UnityEngine.SubsystemsModule.pdb doesn't match image D:\Univ\Laurea Magistrale\Computer Graphics e Multimedia\Progetto\Supervised-Learning-Pacman\Pacman_Data\Managed\UnityEngine.SubsystemsModule.dll
Symbol file D:\Univ\Laurea Magistrale\Computer Graphics e Multimedia\Progetto\Supervised-Learning-Pacman\Pacman_Data\Managed\UnityEngine.TLSModule.pdb doesn't match image D:\Univ\Laurea Magistrale\Computer Graphics e Multimedia\Progetto\Supervised-Learning-Pacman\Pacman_Data\Managed\UnityEngine.TLSModule.dll
Symbol file D:\Univ\Laurea Magistrale\Computer Graphics e Multimedia\Progetto\Supervised-Learning-Pacman\Pacman_Data\Managed\UnityEngine.TerrainModule.pdb doesn't match image D:\Univ\Laurea Magistrale\Computer Graphics e Multimedia\Progetto\Supervised-Learning-Pacman\Pacman_Data\Managed\UnityEngine.TerrainModule.dll
Symbol file D:\Univ\Laurea Magistrale\Computer Graphics e Multimedia\Progetto\Supervised-Learning-Pacman\Pacman_Data\Managed\UnityEngine.TerrainPhysicsModule.pdb doesn't match image D:\Univ\Laurea Magistrale\Computer Graphics e Multimedia\Progetto\Supervised-Learning-Pacman\Pacman_Data\Managed\UnityEngine.TerrainPhysicsModule.dll
Symbol file D:\Univ\Laurea Magistrale\Computer Graphics e Multimedia\Progetto\Supervised-Learning-Pacman\Pacman_Data\Managed\UnityEngine.TextCoreFontEngineModule.pdb doesn't match image D:\Univ\Laurea Magistrale\Computer Graphics e Multimedia\Progetto\Supervised-Learning-Pacman\Pacman_Data\Managed\UnityEngine.TextCoreFontEngineModule.dll
Symbol file D:\Univ\Laurea Magistrale\Computer Graphics e Multimedia\Progetto\Supervised-Learning-Pacman\Pacman_Data\Managed\UnityEngine.TextCoreTextEngineModule.pdb doesn't match image D:\Univ\Laurea Magistrale\Computer Graphics e Multimedia\Progetto\Supervised-Learning-Pacman\Pacman_Data\Managed\UnityEngine.TextCoreTextEngineModule.dll
Symbol file D:\Univ\Laurea Magistrale\Computer Graphics e Multimedia\Progetto\Supervised-Learning-Pacman\Pacman_Data\Managed\UnityEngine.TextRenderingModule.pdb doesn't match image D:\Univ\Laurea Magistrale\Computer Graphics e Multimedia\Progetto\Supervised-Learning-Pacman\Pacman_Data\Managed\UnityEngine.TextRenderingModule.dll
Symbol file D:\Univ\Laurea Magistrale\Computer Graphics e Multimedia\Progetto\Supervised-Learning-Pacman\Pacman_Data\Managed\UnityEngine.TilemapModule.pdb doesn't match image D:\Univ\Laurea Magistrale\Computer Graphics e Multimedia\Progetto\Supervised-Learning-Pacman\Pacman_Data\Managed\UnityEngine.TilemapModule.dll
Symbol file D:\Univ\Laurea Magistrale\Computer Graphics e Multimedia\Progetto\Supervised-Learning-Pacman\Pacman_Data\Managed\UnityEngine.UIModule.pdb doesn't match image D:\Univ\Laurea Magistrale\Computer Graphics e Multimedia\Progetto\Supervised-Learning-Pacman\Pacman_Data\Managed\UnityEngine.UIModule.dll
Symbol file D:\Univ\Laurea Magistrale\Computer Graphics e Multimedia\Progetto\Supervised-Learning-Pacman\Pacman_Data\Managed\UnityEngine.UIElementsModule.pdb doesn't match image D:\Univ\Laurea Magistrale\Computer Graphics e Multimedia\Progetto\Supervised-Learning-Pacman\Pacman_Data\Managed\UnityEngine.UIElementsModule.dll
Symbol file D:\Univ\Laurea Magistrale\Computer Graphics e Multimedia\Progetto\Supervised-Learning-Pacman\Pacman_Data\Managed\UnityEngine.UIElementsNativeModule.pdb doesn't match image D:\Univ\Laurea Magistrale\Computer Graphics e Multimedia\Progetto\Supervised-Learning-Pacman\Pacman_Data\Managed\UnityEngine.UIElementsNativeModule.dll
Symbol file D:\Univ\Laurea Magistrale\Computer Graphics e Multimedia\Progetto\Supervised-Learning-Pacman\Pacman_Data\Managed\UnityEngine.UNETModule.pdb doesn't match image D:\Univ\Laurea Magistrale\Computer Graphics e Multimedia\Progetto\Supervised-Learning-Pacman\Pacman_Data\Managed\UnityEngine.UNETModule.dll
Symbol file D:\Univ\Laurea Magistrale\Computer Graphics e Multimedia\Progetto\Supervised-Learning-Pacman\Pacman_Data\Managed\UnityEngine.UmbraModule.pdb doesn't match image D:\Univ\Laurea Magistrale\Computer Graphics e Multimedia\Progetto\Supervised-Learning-Pacman\Pacman_Data\Managed\UnityEngine.UmbraModule.dll
Symbol file D:\Univ\Laurea Magistrale\Computer Graphics e Multimedia\Progetto\Supervised-Learning-Pacman\Pacman_Data\Managed\UnityEngine.UnityAnalyticsModule.pdb doesn't match image D:\Univ\Laurea Magistrale\Computer Graphics e Multimedia\Progetto\Supervised-Learning-Pacman\Pacman_Data\Managed\UnityEngine.UnityAnalyticsModule.dll
Symbol file D:\Univ\Laurea Magistrale\Computer Graphics e Multimedia\Progetto\Supervised-Learning-Pacman\Pacman_Data\Managed\UnityEngine.UnityConnectModule.pdb doesn't match image D:\Univ\Laurea Magistrale\Computer Graphics e Multimedia\Progetto\Supervised-Learning-Pacman\Pacman_Data\Managed\UnityEngine.UnityConnectModule.dll
Symbol file D:\Univ\Laurea Magistrale\Computer Graphics e Multimedia\Progetto\Supervised-Learning-Pacman\Pacman_Data\Managed\UnityEngine.UnityCurlModule.pdb doesn't match image D:\Univ\Laurea Magistrale\Computer Graphics e Multimedia\Progetto\Supervised-Learning-Pacman\Pacman_Data\Managed\UnityEngine.UnityCurlModule.dll
Symbol file D:\Univ\Laurea Magistrale\Computer Graphics e Multimedia\Progetto\Supervised-Learning-Pacman\Pacman_Data\Managed\UnityEngine.UnityTestProtocolModule.pdb doesn't match image D:\Univ\Laurea Magistrale\Computer Graphics e Multimedia\Progetto\Supervised-Learning-Pacman\Pacman_Data\Managed\UnityEngine.UnityTestProtocolModule.dll
Symbol file D:\Univ\Laurea Magistrale\Computer Graphics e Multimedia\Progetto\Supervised-Learning-Pacman\Pacman_Data\Managed\UnityEngine.UnityWebRequestModule.pdb doesn't match image D:\Univ\Laurea Magistrale\Computer Graphics e Multimedia\Progetto\Supervised-Learning-Pacman\Pacman_Data\Managed\UnityEngine.UnityWebRequestModule.dll
Symbol file D:\Univ\Laurea Magistrale\Computer Graphics e Multimedia\Progetto\Supervised-Learning-Pacman\Pacman_Data\Managed\UnityEngine.UnityWebRequestAssetBundleModule.pdb doesn't match image D:\Univ\Laurea Magistrale\Computer Graphics e Multimedia\Progetto\Supervised-Learning-Pacman\Pacman_Data\Managed\UnityEngine.UnityWebRequestAssetBundleModule.dll
Symbol file D:\Univ\Laurea Magistrale\Computer Graphics e Multimedia\Progetto\Supervised-Learning-Pacman\Pacman_Data\Managed\UnityEngine.UnityWebRequestAudioModule.pdb doesn't match image D:\Univ\Laurea Magistrale\Computer Graphics e Multimedia\Progetto\Supervised-Learning-Pacman\Pacman_Data\Managed\UnityEngine.UnityWebRequestAudioModule.dll
Symbol file D:\Univ\Laurea Magistrale\Computer Graphics e Multimedia\Progetto\Supervised-Learning-Pacman\Pacman_Data\Managed\UnityEngine.UnityWebRequestTextureModule.pdb doesn't match image D:\Univ\Laurea Magistrale\Computer Graphics e Multimedia\Progetto\Supervised-Learning-Pacman\Pacman_Data\Managed\UnityEngine.UnityWebRequestTextureModule.dll
Symbol file D:\Univ\Laurea Magistrale\Computer Graphics e Multimedia\Progetto\Supervised-Learning-Pacman\Pacman_Data\Managed\UnityEngine.UnityWebRequestWWWModule.pdb doesn't match image D:\Univ\Laurea Magistrale\Computer Graphics e Multimedia\Progetto\Supervised-Learning-Pacman\Pacman_Data\Managed\UnityEngine.UnityWebRequestWWWModule.dll
Symbol file D:\Univ\Laurea Magistrale\Computer Graphics e Multimedia\Progetto\Supervised-Learning-Pacman\Pacman_Data\Managed\UnityEngine.VFXModule.pdb doesn't match image D:\Univ\Laurea Magistrale\Computer Graphics e Multimedia\Progetto\Supervised-Learning-Pacman\Pacman_Data\Managed\UnityEngine.VFXModule.dll
Symbol file D:\Univ\Laurea Magistrale\Computer Graphics e Multimedia\Progetto\Supervised-Learning-Pacman\Pacman_Data\Managed\UnityEngine.VRModule.pdb doesn't match image D:\Univ\Laurea Magistrale\Computer Graphics e Multimedia\Progetto\Supervised-Learning-Pacman\Pacman_Data\Managed\UnityEngine.VRModule.dll
Symbol file D:\Univ\Laurea Magistrale\Computer Graphics e Multimedia\Progetto\Supervised-Learning-Pacman\Pacman_Data\Managed\UnityEngine.VehiclesModule.pdb doesn't match image D:\Univ\Laurea Magistrale\Computer Graphics e Multimedia\Progetto\Supervised-Learning-Pacman\Pacman_Data\Managed\UnityEngine.VehiclesModule.dll
Symbol file D:\Univ\Laurea Magistrale\Computer Graphics e Multimedia\Progetto\Supervised-Learning-Pacman\Pacman_Data\Managed\UnityEngine.VideoModule.pdb doesn't match image D:\Univ\Laurea Magistrale\Computer Graphics e Multimedia\Progetto\Supervised-Learning-Pacman\Pacman_Data\Managed\UnityEngine.VideoModule.dll
Symbol file D:\Univ\Laurea Magistrale\Computer Graphics e Multimedia\Progetto\Supervised-Learning-Pacman\Pacman_Data\Managed\UnityEngine.VirtualTexturingModule.pdb doesn't match image D:\Univ\Laurea Magistrale\Computer Graphics e Multimedia\Progetto\Supervised-Learning-Pacman\Pacman_Data\Managed\UnityEngine.VirtualTexturingModule.dll
Symbol file D:\Univ\Laurea Magistrale\Computer Graphics e Multimedia\Progetto\Supervised-Learning-Pacman\Pacman_Data\Managed\UnityEngine.WindModule.pdb doesn't match image D:\Univ\Laurea Magistrale\Computer Graphics e Multimedia\Progetto\Supervised-Learning-Pacman\Pacman_Data\Managed\UnityEngine.WindModule.dll
Symbol file D:\Univ\Laurea Magistrale\Computer Graphics e Multimedia\Progetto\Supervised-Learning-Pacman\Pacman_Data\Managed\UnityEngine.XRModule.pdb doesn't match image D:\Univ\Laurea Magistrale\Computer Graphics e Multimedia\Progetto\Supervised-Learning-Pacman\Pacman_Data\Managed\UnityEngine.XRModule.dll
Symbol file D:\Univ\Laurea Magistrale\Computer Graphics e Multimedia\Progetto\Supervised-Learning-Pacman\Pacman_Data\Managed\Assembly-CSharp.pdb doesn't match image D:\Univ\Laurea Magistrale\Computer Graphics e Multimedia\Progetto\Supervised-Learning-Pacman\Pacman_Data\Managed\Assembly-CSharp.dll
Symbol file D:\Univ\Laurea Magistrale\Computer Graphics e Multimedia\Progetto\Supervised-Learning-Pacman\Pacman_Data\Managed\Unity.ML-Agents.pdb doesn't match image D:\Univ\Laurea Magistrale\Computer Graphics e Multimedia\Progetto\Supervised-Learning-Pacman\Pacman_Data\Managed\Unity.ML-Agents.dll
Symbol file D:\Univ\Laurea Magistrale\Computer Graphics e Multimedia\Progetto\Supervised-Learning-Pacman\Pacman_Data\Managed\Unity.InternalAPIEngineBridge.001.pdb doesn't match image D:\Univ\Laurea Magistrale\Computer Graphics e Multimedia\Progetto\Supervised-Learning-Pacman\Pacman_Data\Managed\Unity.InternalAPIEngineBridge.001.dll
Symbol file D:\Univ\Laurea Magistrale\Computer Graphics e Multimedia\Progetto\Supervised-Learning-Pacman\Pacman_Data\Managed\Unity.2D.PixelPerfect.pdb doesn't match image D:\Univ\Laurea Magistrale\Computer Graphics e Multimedia\Progetto\Supervised-Learning-Pacman\Pacman_Data\Managed\Unity.2D.PixelPerfect.dll
Symbol file D:\Univ\Laurea Magistrale\Computer Graphics e Multimedia\Progetto\Supervised-Learning-Pacman\Pacman_Data\Managed\Unity.Services.Core.Telemetry.pdb doesn't match image D:\Univ\Laurea Magistrale\Computer Graphics e Multimedia\Progetto\Supervised-Learning-Pacman\Pacman_Data\Managed\Unity.Services.Core.Telemetry.dll
Symbol file D:\Univ\Laurea Magistrale\Computer Graphics e Multimedia\Progetto\Supervised-Learning-Pacman\Pacman_Data\Managed\Unity.Services.Core.Networking.pdb doesn't match image D:\Univ\Laurea Magistrale\Computer Graphics e Multimedia\Progetto\Supervised-Learning-Pacman\Pacman_Data\Managed\Unity.Services.Core.Networking.dll
Symbol file D:\Univ\Laurea Magistrale\Computer Graphics e Multimedia\Progetto\Supervised-Learning-Pacman\Pacman_Data\Managed\Unity.Services.Core.Internal.pdb doesn't match image D:\Univ\Laurea Magistrale\Computer Graphics e Multimedia\Progetto\Supervised-Learning-Pacman\Pacman_Data\Managed\Unity.Services.Core.Internal.dll
Symbol file D:\Univ\Laurea Magistrale\Computer Graphics e Multimedia\Progetto\Supervised-Learning-Pacman\Pacman_Data\Managed\UnityEngine.UI.pdb doesn't match image D:\Univ\Laurea Magistrale\Computer Graphics e Multimedia\Progetto\Supervised-Learning-Pacman\Pacman_Data\Managed\UnityEngine.UI.dll
Symbol file D:\Univ\Laurea Magistrale\Computer Graphics e Multimedia\Progetto\Supervised-Learning-Pacman\Pacman_Data\Managed\Unity.Services.Core.Configuration.pdb doesn't match image D:\Univ\Laurea Magistrale\Computer Graphics e Multimedia\Progetto\Supervised-Learning-Pacman\Pacman_Data\Managed\Unity.Services.Core.Configuration.dll
Symbol file D:\Univ\Laurea Magistrale\Computer Graphics e Multimedia\Progetto\Supervised-Learning-Pacman\Pacman_Data\Managed\Unity.ML-Agents.CommunicatorObjects.pdb doesn't match image D:\Univ\Laurea Magistrale\Computer Graphics e Multimedia\Progetto\Supervised-Learning-Pacman\Pacman_Data\Managed\Unity.ML-Agents.CommunicatorObjects.dll
Symbol file D:\Univ\Laurea Magistrale\Computer Graphics e Multimedia\Progetto\Supervised-Learning-Pacman\Pacman_Data\Managed\Unity.2D.IK.Runtime.pdb doesn't match image D:\Univ\Laurea Magistrale\Computer Graphics e Multimedia\Progetto\Supervised-Learning-Pacman\Pacman_Data\Managed\Unity.2D.IK.Runtime.dll
Symbol file D:\Univ\Laurea Magistrale\Computer Graphics e Multimedia\Progetto\Supervised-Learning-Pacman\Pacman_Data\Managed\Unity.Services.Core.Registration.pdb doesn't match image D:\Univ\Laurea Magistrale\Computer Graphics e Multimedia\Progetto\Supervised-Learning-Pacman\Pacman_Data\Managed\Unity.Services.Core.Registration.dll
Symbol file D:\Univ\Laurea Magistrale\Computer Graphics e Multimedia\Progetto\Supervised-Learning-Pacman\Pacman_Data\Managed\Unity.Services.Core.Environments.Internal.pdb doesn't match image D:\Univ\Laurea Magistrale\Computer Graphics e Multimedia\Progetto\Supervised-Learning-Pacman\Pacman_Data\Managed\Unity.Services.Core.Environments.Internal.dll
Symbol file D:\Univ\Laurea Magistrale\Computer Graphics e Multimedia\Progetto\Supervised-Learning-Pacman\Pacman_Data\Managed\Unity.Services.Core.Threading.pdb doesn't match image D:\Univ\Laurea Magistrale\Computer Graphics e Multimedia\Progetto\Supervised-Learning-Pacman\Pacman_Data\Managed\Unity.Services.Core.Threading.dll
Symbol file D:\Univ\Laurea Magistrale\Computer Graphics e Multimedia\Progetto\Supervised-Learning-Pacman\Pacman_Data\Managed\Unity.Barracuda.ONNX.pdb doesn't match image D:\Univ\Laurea Magistrale\Computer Graphics e Multimedia\Progetto\Supervised-Learning-Pacman\Pacman_Data\Managed\Unity.Barracuda.ONNX.dll
Symbol file D:\Univ\Laurea Magistrale\Computer Graphics e Multimedia\Progetto\Supervised-Learning-Pacman\Pacman_Data\Managed\Unity.2D.Tilemap.Extras.pdb doesn't match image D:\Univ\Laurea Magistrale\Computer Graphics e Multimedia\Progetto\Supervised-Learning-Pacman\Pacman_Data\Managed\Unity.2D.Tilemap.Extras.dll
Symbol file D:\Univ\Laurea Magistrale\Computer Graphics e Multimedia\Progetto\Supervised-Learning-Pacman\Pacman_Data\Managed\Unity.Barracuda.BurstBLAS.pdb doesn't match image D:\Univ\Laurea Magistrale\Computer Graphics e Multimedia\Progetto\Supervised-Learning-Pacman\Pacman_Data\Managed\Unity.Barracuda.BurstBLAS.dll
Symbol file D:\Univ\Laurea Magistrale\Computer Graphics e Multimedia\Progetto\Supervised-Learning-Pacman\Pacman_Data\Managed\Unity.Barracuda.pdb doesn't match image D:\Univ\Laurea Magistrale\Computer Graphics e Multimedia\Progetto\Supervised-Learning-Pacman\Pacman_Data\Managed\Unity.Barracuda.dll
Symbol file D:\Univ\Laurea Magistrale\Computer Graphics e Multimedia\Progetto\Supervised-Learning-Pacman\Pacman_Data\Managed\Unity.Timeline.pdb doesn't match image D:\Univ\Laurea Magistrale\Computer Graphics e Multimedia\Progetto\Supervised-Learning-Pacman\Pacman_Data\Managed\Unity.Timeline.dll
Symbol file D:\Univ\Laurea Magistrale\Computer Graphics e Multimedia\Progetto\Supervised-Learning-Pacman\Pacman_Data\Managed\Unity.TextMeshPro.pdb doesn't match image D:\Univ\Laurea Magistrale\Computer Graphics e Multimedia\Progetto\Supervised-Learning-Pacman\Pacman_Data\Managed\Unity.TextMeshPro.dll
Symbol file D:\Univ\Laurea Magistrale\Computer Graphics e Multimedia\Progetto\Supervised-Learning-Pacman\Pacman_Data\Managed\Unity.VisualScripting.Flow.pdb doesn't match image D:\Univ\Laurea Magistrale\Computer Graphics e Multimedia\Progetto\Supervised-Learning-Pacman\Pacman_Data\Managed\Unity.VisualScripting.Flow.dll
Symbol file D:\Univ\Laurea Magistrale\Computer Graphics e Multimedia\Progetto\Supervised-Learning-Pacman\Pacman_Data\Managed\Unity.Services.Core.pdb doesn't match image D:\Univ\Laurea Magistrale\Computer Graphics e Multimedia\Progetto\Supervised-Learning-Pacman\Pacman_Data\Managed\Unity.Services.Core.dll
Symbol file D:\Univ\Laurea Magistrale\Computer Graphics e Multimedia\Progetto\Supervised-Learning-Pacman\Pacman_Data\Managed\Unity.VisualScripting.Core.pdb doesn't match image D:\Univ\Laurea Magistrale\Computer Graphics e Multimedia\Progetto\Supervised-Learning-Pacman\Pacman_Data\Managed\Unity.VisualScripting.Core.dll
Symbol file D:\Univ\Laurea Magistrale\Computer Graphics e Multimedia\Progetto\Supervised-Learning-Pacman\Pacman_Data\Managed\Unity.Mathematics.pdb doesn't match image D:\Univ\Laurea Magistrale\Computer Graphics e Multimedia\Progetto\Supervised-Learning-Pacman\Pacman_Data\Managed\Unity.Mathematics.dll
Symbol file D:\Univ\Laurea Magistrale\Computer Graphics e Multimedia\Progetto\Supervised-Learning-Pacman\Pacman_Data\Managed\Unity.Services.Core.Analytics.pdb doesn't match image D:\Univ\Laurea Magistrale\Computer Graphics e Multimedia\Progetto\Supervised-Learning-Pacman\Pacman_Data\Managed\Unity.Services.Core.Analytics.dll
Symbol file D:\Univ\Laurea Magistrale\Computer Graphics e Multimedia\Progetto\Supervised-Learning-Pacman\Pacman_Data\Managed\Unity.Burst.pdb doesn't match image D:\Univ\Laurea Magistrale\Computer Graphics e Multimedia\Progetto\Supervised-Learning-Pacman\Pacman_Data\Managed\Unity.Burst.dll
Symbol file D:\Univ\Laurea Magistrale\Computer Graphics e Multimedia\Progetto\Supervised-Learning-Pacman\Pacman_Data\Managed\Unity.Services.Core.Environments.pdb doesn't match image D:\Univ\Laurea Magistrale\Computer Graphics e Multimedia\Progetto\Supervised-Learning-Pacman\Pacman_Data\Managed\Unity.Services.Core.Environments.dll
Symbol file D:\Univ\Laurea Magistrale\Computer Graphics e Multimedia\Progetto\Supervised-Learning-Pacman\Pacman_Data\Managed\Unity.2D.Animation.Runtime.pdb doesn't match image D:\Univ\Laurea Magistrale\Computer Graphics e Multimedia\Progetto\Supervised-Learning-Pacman\Pacman_Data\Managed\Unity.2D.Animation.Runtime.dll
Symbol file D:\Univ\Laurea Magistrale\Computer Graphics e Multimedia\Progetto\Supervised-Learning-Pacman\Pacman_Data\Managed\Unity.Services.Core.Scheduler.pdb doesn't match image D:\Univ\Laurea Magistrale\Computer Graphics e Multimedia\Progetto\Supervised-Learning-Pacman\Pacman_Data\Managed\Unity.Services.Core.Scheduler.dll
Symbol file D:\Univ\Laurea Magistrale\Computer Graphics e Multimedia\Progetto\Supervised-Learning-Pacman\Pacman_Data\Managed\Unity.2D.Common.Runtime.pdb doesn't match image D:\Univ\Laurea Magistrale\Computer Graphics e Multimedia\Progetto\Supervised-Learning-Pacman\Pacman_Data\Managed\Unity.2D.Common.Runtime.dll
Symbol file D:\Univ\Laurea Magistrale\Computer Graphics e Multimedia\Progetto\Supervised-Learning-Pacman\Pacman_Data\Managed\Unity.2D.SpriteShape.Runtime.pdb doesn't match image D:\Univ\Laurea Magistrale\Computer Graphics e Multimedia\Progetto\Supervised-Learning-Pacman\Pacman_Data\Managed\Unity.2D.SpriteShape.Runtime.dll
Symbol file D:\Univ\Laurea Magistrale\Computer Graphics e Multimedia\Progetto\Supervised-Learning-Pacman\Pacman_Data\Managed\Unity.VisualScripting.State.pdb doesn't match image D:\Univ\Laurea Magistrale\Computer Graphics e Multimedia\Progetto\Supervised-Learning-Pacman\Pacman_Data\Managed\Unity.VisualScripting.State.dll
Symbol file D:\Univ\Laurea Magistrale\Computer Graphics e Multimedia\Progetto\Supervised-Learning-Pacman\Pacman_Data\Managed\Unity.Services.Core.Device.pdb doesn't match image D:\Univ\Laurea Magistrale\Computer Graphics e Multimedia\Progetto\Supervised-Learning-Pacman\Pacman_Data\Managed\Unity.Services.Core.Device.dll
- Completed reload, in  2.151 seconds
<RI> Initializing input.
<RI> Input initialized.
<RI> Initialized touch support.
UnloadTime: 0.762200 ms
Registered Communicator.
Win/Tot Games: 1 / 3
Win/Tot Games: 2 / 5
Win/Tot Games: 3 / 17
Win/Tot Games: 4 / 20
Win/Tot Games: 5 / 25
Win/Tot Games: 6 / 33
Win/Tot Games: 7 / 38
Win/Tot Games: 8 / 47
Win/Tot Games: 9 / 53
Win/Tot Games: 10 / 54
Win/Tot Games: 11 / 56
Win/Tot Games: 12 / 60
Win/Tot Games: 13 / 63
Win/Tot Games: 14 / 63
Win/Tot Games: 15 / 66
Win/Tot Games: 16 / 68
Win/Tot Games: 17 / 68
Win/Tot Games: 18 / 70
Win/Tot Games: 19 / 72
Win/Tot Games: 20 / 72
Win/Tot Games: 21 / 75
Win/Tot Games: 22 / 75
Win/Tot Games: 23 / 77
Win/Tot Games: 24 / 78
Win/Tot Games: 25 / 81
Win/Tot Games: 26 / 83
Win/Tot Games: 27 / 83
Win/Tot Games: 28 / 83
Win/Tot Games: 29 / 83
Win/Tot Games: 30 / 84
Win/Tot Games: 31 / 85
Win/Tot Games: 32 / 89
Win/Tot Games: 33 / 89
Win/Tot Games: 34 / 89
Win/Tot Games: 35 / 89
Win/Tot Games: 36 / 90
Win/Tot Games: 37 / 90
Win/Tot Games: 38 / 90
Win/Tot Games: 39 / 92
Win/Tot Games: 40 / 94
Win/Tot Games: 41 / 96
Win/Tot Games: 42 / 96
Win/Tot Games: 43 / 96
Win/Tot Games: 44 / 96
Win/Tot Games: 45 / 96
Win/Tot Games: 46 / 96
Win/Tot Games: 47 / 97
Win/Tot Games: 48 / 97
Win/Tot Games: 49 / 97
Win/Tot Games: 50 / 97
Win/Tot Games: 51 / 97
Win/Tot Games: 52 / 97
Win/Tot Games: 53 / 98
Win/Tot Games: 54 / 98
Win/Tot Games: 55 / 98
Win/Tot Games: 56 / 100
Win/Tot Games: 57 / 101
Win/Tot Games: 58 / 102
Win/Tot Games: 59 / 102
Win/Tot Games: 60 / 102
Win/Tot Games: 61 / 102
Win/Tot Games: 62 / 102
Win/Tot Games: 63 / 102
Win/Tot Games: 64 / 102
Win/Tot Games: 65 / 102
Win/Tot Games: 66 / 102
Win/Tot Games: 67 / 102
Win/Tot Games: 68 / 102
Win/Tot Games: 69 / 102
Win/Tot Games: 70 / 102
Win/Tot Games: 71 / 102
Win/Tot Games: 72 / 102
Win/Tot Games: 73 / 103
Win/Tot Games: 74 / 103
Win/Tot Games: 75 / 103
Win/Tot Games: 76 / 103
Win/Tot Games: 77 / 103
Win/Tot Games: 78 / 103
Win/Tot Games: 79 / 103
Win/Tot Games: 80 / 103
Win/Tot Games: 81 / 104
Win/Tot Games: 82 / 104
Win/Tot Games: 83 / 104
Win/Tot Games: 84 / 104
Win/Tot Games: 85 / 104
Win/Tot Games: 86 / 104
Win/Tot Games: 87 / 104
Win/Tot Games: 88 / 104
Win/Tot Games: 89 / 104
Win/Tot Games: 90 / 104
Win/Tot Games: 91 / 104
Win/Tot Games: 92 / 104
Win/Tot Games: 93 / 104
Win/Tot Games: 94 / 105
Win/Tot Games: 95 / 105
Win/Tot Games: 96 / 105
Win/Tot Games: 97 / 105
Win/Tot Games: 98 / 108
Win/Tot Games: 99 / 108
Win/Tot Games: 100 / 108
Win/Tot Games: 101 / 109
Win/Tot Games: 102 / 109
Win/Tot Games: 103 / 110
Win/Tot Games: 104 / 110
Win/Tot Games: 105 / 112
Win/Tot Games: 106 / 113
Win/Tot Games: 107 / 115
Win/Tot Games: 108 / 115
Win/Tot Games: 109 / 115
Win/Tot Games: 110 / 115
Win/Tot Games: 111 / 115
Win/Tot Games: 112 / 115
Win/Tot Games: 113 / 116
Win/Tot Games: 114 / 117
Win/Tot Games: 115 / 117
Win/Tot Games: 116 / 117
Win/Tot Games: 117 / 118
Win/Tot Games: 118 / 118
Win/Tot Games: 119 / 118
Win/Tot Games: 120 / 119
Win/Tot Games: 121 / 119
Win/Tot Games: 122 / 119
Win/Tot Games: 123 / 119
Win/Tot Games: 124 / 119
Win/Tot Games: 125 / 119
Win/Tot Games: 126 / 119
Win/Tot Games: 127 / 119
Win/Tot Games: 128 / 119
Win/Tot Games: 129 / 119
Win/Tot Games: 130 / 119
Win/Tot Games: 131 / 120
Win/Tot Games: 132 / 120
Win/Tot Games: 133 / 120
Win/Tot Games: 134 / 121
Win/Tot Games: 135 / 121
Win/Tot Games: 136 / 121
Win/Tot Games: 137 / 121
Win/Tot Games: 138 / 122
Win/Tot Games: 139 / 123
Win/Tot Games: 140 / 123
Win/Tot Games: 141 / 124
Win/Tot Games: 142 / 124
Win/Tot Games: 143 / 124
Win/Tot Games: 144 / 124
Win/Tot Games: 145 / 124
Win/Tot Games: 146 / 124
Win/Tot Games: 147 / 124
Win/Tot Games: 148 / 124
Setting up 8 worker threads for Enlighten.
Memory Statistics:
[ALLOC_TEMP_TLS] TLS Allocator
  StackAllocators : 
    [ALLOC_TEMP_MAIN]
      Peak usage frame count: [16.0 KB-32.0 KB]: 101868 frames, [32.0 KB-64.0 KB]: 28042 frames, [2.0 MB-4.0 MB]: 1 frames
      Initial Block Size 4.0 MB
      Current Block Size 4.0 MB
      Peak Allocated Bytes 2.1 MB
      Overflow Count 0
    [ALLOC_TEMP_Loading.AsyncRead]
      Initial Block Size 64.0 KB
      Current Block Size 64.0 KB
      Peak Allocated Bytes 393 B
      Overflow Count 0
    [ALLOC_TEMP_Loading.PreloadManager]
      Initial Block Size 256.0 KB
      Current Block Size 256.0 KB
      Peak Allocated Bytes 88.2 KB
      Overflow Count 4
    [ALLOC_TEMP_Background Job.Worker 8]
      Initial Block Size 32.0 KB
      Current Block Size 32.0 KB
      Peak Allocated Bytes 54 B
      Overflow Count 0
    [ALLOC_TEMP_Job.Worker 6]
      Initial Block Size 256.0 KB
      Current Block Size 256.0 KB
      Peak Allocated Bytes 2.0 KB
      Overflow Count 0
    [ALLOC_TEMP_Job.Worker 0]
      Initial Block Size 256.0 KB
      Current Block Size 256.0 KB
      Peak Allocated Bytes 2.0 KB
      Overflow Count 0
    [ALLOC_TEMP_Background Job.Worker 10]
      Initial Block Size 32.0 KB
      Current Block Size 32.0 KB
      Peak Allocated Bytes 54 B
      Overflow Count 0
    [ALLOC_TEMP_Background Job.Worker 9]
      Initial Block Size 32.0 KB
      Current Block Size 32.0 KB
      Peak Allocated Bytes 54 B
      Overflow Count 0
    [ALLOC_TEMP_Job.Worker 5]
      Initial Block Size 256.0 KB
      Current Block Size 256.0 KB
      Peak Allocated Bytes 2.0 KB
      Overflow Count 0
    [ALLOC_TEMP_Background Job.Worker 14]
      Initial Block Size 32.0 KB
      Current Block Size 32.0 KB
      Peak Allocated Bytes 54 B
      Overflow Count 0
    [ALLOC_TEMP_Background Job.Worker 6]
      Initial Block Size 32.0 KB
      Current Block Size 32.0 KB
      Peak Allocated Bytes 54 B
      Overflow Count 0
    [ALLOC_TEMP_Job.Worker 4]
      Initial Block Size 256.0 KB
      Current Block Size 256.0 KB
      Peak Allocated Bytes 2.0 KB
      Overflow Count 0
    [ALLOC_TEMP_Job.Worker 14]
      Initial Block Size 256.0 KB
      Current Block Size 256.0 KB
      Peak Allocated Bytes 2.0 KB
      Overflow Count 0
    [ALLOC_TEMP_Job.Worker 3]
      Initial Block Size 256.0 KB
      Current Block Size 256.0 KB
      Peak Allocated Bytes 2.0 KB
      Overflow Count 0
    [ALLOC_TEMP_Job.Worker 13]
      Initial Block Size 256.0 KB
      Current Block Size 256.0 KB
      Peak Allocated Bytes 2.0 KB
      Overflow Count 0
    [ALLOC_TEMP_Background Job.Worker 12]
      Initial Block Size 32.0 KB
      Current Block Size 32.0 KB
      Peak Allocated Bytes 54 B
      Overflow Count 0
    [ALLOC_TEMP_EnlightenWorker] x 8
      Initial Block Size 64.0 KB
      Current Block Size 64.0 KB
      Peak Allocated Bytes 54 B
      Overflow Count 0
    [ALLOC_TEMP_Background Job.Worker 15]
      Initial Block Size 32.0 KB
      Current Block Size 32.0 KB
      Peak Allocated Bytes 54 B
      Overflow Count 0
    [ALLOC_TEMP_Background Job.Worker 1]
      Initial Block Size 32.0 KB
      Current Block Size 32.0 KB
      Peak Allocated Bytes 54 B
      Overflow Count 0
    [ALLOC_TEMP_Background Job.Worker 2]
      Initial Block Size 32.0 KB
      Current Block Size 32.0 KB
      Peak Allocated Bytes 54 B
      Overflow Count 0
    [ALLOC_TEMP_Background Job.Worker 7]
      Initial Block Size 32.0 KB
      Current Block Size 32.0 KB
      Peak Allocated Bytes 54 B
      Overflow Count 0
    [ALLOC_TEMP_UnityGfxDeviceWorker]
      Initial Block Size 256.0 KB
      Current Block Size 256.0 KB
      Peak Allocated Bytes 10.5 KB
      Overflow Count 0
    [ALLOC_TEMP_AssetGarbageCollectorHelper] x 15
      Initial Block Size 64.0 KB
      Current Block Size 64.0 KB
      Peak Allocated Bytes 0 B
      Overflow Count 0
    [ALLOC_TEMP_Background Job.Worker 5]
      Initial Block Size 32.0 KB
      Current Block Size 32.0 KB
      Peak Allocated Bytes 54 B
      Overflow Count 0
    [ALLOC_TEMP_Job.Worker 9]
      Initial Block Size 256.0 KB
      Current Block Size 256.0 KB
      Peak Allocated Bytes 2.0 KB
      Overflow Count 0
    [ALLOC_TEMP_Background Job.Worker 13]
      Initial Block Size 32.0 KB
      Current Block Size 32.0 KB
      Peak Allocated Bytes 54 B
      Overflow Count 0
    [ALLOC_TEMP_Job.Worker 8]
      Initial Block Size 256.0 KB
      Current Block Size 256.0 KB
      Peak Allocated Bytes 2.0 KB
      Overflow Count 0
    [ALLOC_TEMP_Job.Worker 7]
      Initial Block Size 256.0 KB
      Current Block Size 256.0 KB
      Peak Allocated Bytes 2.0 KB
      Overflow Count 0
    [ALLOC_TEMP_Job.Worker 1]
      Initial Block Size 256.0 KB
      Current Block Size 256.0 KB
      Peak Allocated Bytes 2.0 KB
      Overflow Count 0
    [ALLOC_TEMP_Job.Worker 2]
      Initial Block Size 256.0 KB
      Current Block Size 256.0 KB
      Peak Allocated Bytes 2.0 KB
      Overflow Count 0
    [ALLOC_TEMP_Background Job.Worker 3]
      Initial Block Size 32.0 KB
      Current Block Size 32.0 KB
      Peak Allocated Bytes 54 B
      Overflow Count 0
    [ALLOC_TEMP_Background Job.Worker 11]
      Initial Block Size 32.0 KB
      Current Block Size 32.0 KB
      Peak Allocated Bytes 54 B
      Overflow Count 0
    [ALLOC_TEMP_Job.Worker 10]
      Initial Block Size 256.0 KB
      Current Block Size 256.0 KB
      Peak Allocated Bytes 2.0 KB
      Overflow Count 0
    [ALLOC_TEMP_Background Job.Worker 0]
      Initial Block Size 32.0 KB
      Current Block Size 32.0 KB
      Peak Allocated Bytes 54 B
      Overflow Count 0
    [ALLOC_TEMP_Job.Worker 11]
      Initial Block Size 256.0 KB
      Current Block Size 256.0 KB
      Peak Allocated Bytes 2.0 KB
      Overflow Count 0
    [ALLOC_TEMP_Job.Worker 12]
      Initial Block Size 256.0 KB
      Current Block Size 256.0 KB
      Peak Allocated Bytes 2.0 KB
      Overflow Count 0
    [ALLOC_TEMP_Background Job.Worker 4]
      Initial Block Size 32.0 KB
      Current Block Size 32.0 KB
      Peak Allocated Bytes 54 B
      Overflow Count 0
    [ALLOC_TEMP_BatchDeleteObjects]
      Initial Block Size 64.0 KB
      Current Block Size 64.0 KB
      Peak Allocated Bytes 54 B
      Overflow Count 0
[ALLOC_DEFAULT] Dual Thread Allocator
  Peak main deferred allocation count 687
    [ALLOC_BUCKET]
      Large Block size 4.0 MB
      Used Block count 1
      Peak Allocated bytes 1.1 MB
    [ALLOC_DEFAULT_MAIN]
      Peak usage frame count: [8.0 MB-16.0 MB]: 5172 frames, [16.0 MB-32.0 MB]: 124739 frames
      Requested Block Size 16.0 MB
      Peak Block count 2
      Peak Allocated memory 21.4 MB
      Peak Large allocation bytes 0 B
    [ALLOC_DEFAULT_THREAD]
      Peak usage frame count: [16.0 MB-32.0 MB]: 129911 frames
      Requested Block Size 16.0 MB
      Peak Block count 1
      Peak Allocated memory 17.0 MB
      Peak Large allocation bytes 16.0 MB
[ALLOC_TEMP_JOB_1_FRAME]
  Initial Block Size 2.0 MB
  Used Block Count 1
  Overflow Count (too large) 0
  Overflow Count (full) 0
[ALLOC_TEMP_JOB_2_FRAMES]
  Initial Block Size 2.0 MB
  Used Block Count 1
  Overflow Count (too large) 0
  Overflow Count (full) 0
[ALLOC_TEMP_JOB_4_FRAMES (JobTemp)]
  Initial Block Size 2.0 MB
  Used Block Count 5
  Overflow Count (too large) 0
  Overflow Count (full) 0
[ALLOC_TEMP_JOB_ASYNC (Background)]
  Initial Block Size 1.0 MB
  Used Block Count 3
  Overflow Count (too large) 0
  Overflow Count (full) 0
[ALLOC_GFX] Dual Thread Allocator
  Peak main deferred allocation count 1
    [ALLOC_BUCKET]
      Large Block size 4.0 MB
      Used Block count 1
      Peak Allocated bytes 1.1 MB
    [ALLOC_GFX_MAIN]
      Peak usage frame count: [64.0 KB-128.0 KB]: 129910 frames, [2.0 MB-4.0 MB]: 1 frames
      Requested Block Size 16.0 MB
      Peak Block count 1
      Peak Allocated memory 2.7 MB
      Peak Large allocation bytes 0 B
    [ALLOC_GFX_THREAD]
      Peak usage frame count: [64.0 KB-128.0 KB]: 129911 frames
      Requested Block Size 16.0 MB
      Peak Block count 1
      Peak Allocated memory 85.7 KB
      Peak Large allocation bytes 0 B
[ALLOC_CACHEOBJECTS] Dual Thread Allocator
  Peak main deferred allocation count 2
    [ALLOC_BUCKET]
      Large Block size 4.0 MB
      Used Block count 1
      Peak Allocated bytes 1.1 MB
    [ALLOC_CACHEOBJECTS_MAIN]
      Peak usage frame count: [1.0 MB-2.0 MB]: 129911 frames
      Requested Block Size 4.0 MB
      Peak Block count 1
      Peak Allocated memory 1.2 MB
      Peak Large allocation bytes 0 B
    [ALLOC_CACHEOBJECTS_THREAD]
      Peak usage frame count: [128.0 KB-256.0 KB]: 129910 frames, [256.0 KB-0.5 MB]: 1 frames
      Requested Block Size 4.0 MB
      Peak Block count 1
      Peak Allocated memory 336.9 KB
      Peak Large allocation bytes 0 B
[ALLOC_TYPETREE] Dual Thread Allocator
  Peak main deferred allocation count 0
    [ALLOC_BUCKET]
      Large Block size 4.0 MB
      Used Block count 1
      Peak Allocated bytes 1.1 MB
    [ALLOC_TYPETREE_MAIN]
      Peak usage frame count: [0-1.0 KB]: 129911 frames
      Requested Block Size 2.0 MB
      Peak Block count 1
      Peak Allocated memory 1.0 KB
      Peak Large allocation bytes 0 B
    [ALLOC_TYPETREE_THREAD]
      Peak usage frame count: [2.0 KB-4.0 KB]: 129911 frames
      Requested Block Size 2.0 MB
      Peak Block count 1
      Peak Allocated memory 3.3 KB
      Peak Large allocation bytes 0 B
