Mono path[0] = '/home/dave/Supervised-Learning-Pacman/Environments/0/Pacman_Data/Managed'
Mono config path = '/home/dave/Supervised-Learning-Pacman/Environments/0/Pacman_Data/MonoBleedingEdge/etc'
Preloaded 'lib_burst_generated.so'
Preloaded 'libgrpc_csharp_ext.x64.so'
Display 0 'LG HDR WQHD 34"': 3440x1440 (primary device).
Display 1 '1': 1920x1080 (secondary device).
Desktop is 3440 x 1440 @ 75 Hz
Initialize engine version: 2021.3.9f1 (ad3870b89536)
[Subsystems] Discovering subsystems at path /home/dave/Supervised-Learning-Pacman/Environments/0/Pacman_Data/UnitySubsystems
GfxDevice: creating device client; threaded=1; jobified=0
Renderer: Mesa Intel(R) UHD Graphics 630 (CFL GT2)
Vendor:   Intel
Version:  4.6 (Core Profile) Mesa 22.1.7
GLES:     0
 GL_3DFX_texture_compression_FXT1 GL_AMD_conservative_depth GL_AMD_depth_clamp_separate GL_AMD_draw_buffers_blend GL_AMD_gpu_shader_int64 GL_AMD_multi_draw_indirect GL_AMD_performance_monitor GL_AMD_pinned_memory GL_AMD_query_buffer_object GL_AMD_seamless_cubemap_per_texture GL_AMD_shader_stencil_export GL_AMD_shader_trinary_minmax GL_AMD_texture_texture4 GL_AMD_vertex_shader_layer GL_AMD_vertex_shader_viewport_index GL_ANGLE_texture_compression_dxt3 GL_ANGLE_texture_compression_dxt5 GL_ARB_ES2_compatibility GL_ARB_ES3_1_compatibility GL_ARB_ES3_2_compatibility GL_ARB_ES3_compatibility GL_ARB_arrays_of_arrays GL_ARB_base_instance GL_ARB_blend_func_extended GL_ARB_buffer_storage GL_ARB_clear_buffer_object GL_ARB_clear_texture GL_ARB_clip_control GL_ARB_compressed_texture_pixel_storage GL_ARB_compute_shader GL_ARB_compute_variable_group_size GL_ARB_conditional_render_inverted GL_ARB_conservative_depth GL_ARB_copy_buffer GL_ARB_copy_image GL_ARB_cull_distance GL_ARB_debug_output GL_ARB_depth_buffer_float GL_ARB
_depth_clamp GL_ARB_derivative_control GL_ARB_direct_state_access GL_ARB_draw_buffers GL_ARB_draw_buffers_blend GL_ARB_draw_elements_base_vertex GL_ARB_draw_indirect GL_ARB_draw_instanced GL_ARB_enhanced_layouts GL_ARB_explicit_attrib_location GL_ARB_explicit_uniform_location GL_ARB_fragment_coord_conventions GL_ARB_fragment_layer_viewport GL_ARB_fragment_shader GL_ARB_fragment_shader_interlock GL_ARB_framebuffer_no_attachments GL_ARB_framebuffer_object GL_ARB_framebuffer_sRGB GL_ARB_get_program_binary GL_ARB_get_texture_sub_image GL_ARB_gl_spirv GL_ARB_gpu_shader5 GL_ARB_gpu_shader_fp64 GL_ARB_gpu_shader_int64 GL_ARB_half_float_pixel GL_ARB_half_float_vertex GL_ARB_indirect_parameters GL_ARB_instanced_arrays GL_ARB_internalformat_query GL_ARB_internalformat_query2 GL_ARB_invalidate_subdata GL_ARB_map_buffer_alignment GL_ARB_map_buffer_range GL_ARB_multi_bind GL_ARB_multi_draw_indirect GL_ARB_occlusion_query2 GL_ARB_parallel_shader_compile GL_ARB_pipeline_statistics_query GL_ARB_pixel_buffer_object GL_ARB_po
int_sprite GL_ARB_polygon_offset_clamp GL_ARB_post_depth_coverage GL_ARB_program_interface_query GL_ARB_provoking_vertex GL_ARB_query_buffer_object GL_ARB_robust_buffer_access_behavior GL_ARB_robustness GL_ARB_sample_shading GL_ARB_sampler_objects GL_ARB_seamless_cube_map GL_ARB_seamless_cubemap_per_texture GL_ARB_separate_shader_objects GL_ARB_shader_atomic_counter_ops GL_ARB_shader_atomic_counters GL_ARB_shader_ballot GL_ARB_shader_bit_encoding GL_ARB_shader_clock GL_ARB_shader_draw_parameters GL_ARB_shader_group_vote GL_ARB_shader_image_load_store GL_ARB_shader_image_size GL_ARB_shader_objects GL_ARB_shader_precision GL_ARB_shader_stencil_export GL_ARB_shader_storage_buffer_object GL_ARB_shader_subroutine GL_ARB_shader_texture_image_samples GL_ARB_shader_texture_lod GL_ARB_shader_viewport_layer_array GL_ARB_shading_language_420pack GL_ARB_shading_language_include GL_ARB_shading_language_packing GL_ARB_spirv_extensions GL_ARB_stencil_texturing GL_ARB_sync GL_ARB_tessellation_shader GL_ARB_texture_barrier G
L_ARB_texture_buffer_object GL_ARB_texture_buffer_object_rgb32 GL_ARB_texture_buffer_range GL_ARB_texture_compression_bptc GL_ARB_texture_compression_rgtc GL_ARB_texture_cube_map_array GL_ARB_texture_filter_anisotropic GL_ARB_texture_float GL_ARB_texture_gather GL_ARB_texture_mirror_clamp_to_edge GL_ARB_texture_multisample GL_ARB_texture_non_power_of_two GL_ARB_texture_query_levels GL_ARB_texture_query_lod GL_ARB_texture_rectangle GL_ARB_texture_rg GL_ARB_texture_rgb10_a2ui GL_ARB_texture_stencil8 GL_ARB_texture_storage GL_ARB_texture_storage_multisample GL_ARB_texture_swizzle GL_ARB_texture_view GL_ARB_timer_query GL_ARB_transform_feedback2 GL_ARB_transform_feedback3 GL_ARB_transform_feedback_instanced GL_ARB_transform_feedback_overflow_query GL_ARB_uniform_buffer_object GL_ARB_vertex_array_bgra GL_ARB_vertex_array_object GL_ARB_vertex_attrib_64bit GL_ARB_vertex_attrib_binding GL_ARB_vertex_buffer_object GL_ARB_vertex_shader GL_ARB_vertex_type_10f_11f_11f_rev GL_ARB_vertex_type_2_10_10_10_rev GL_ARB_viewpor
t_array GL_ATI_blend_equation_separate GL_ATI_texture_float GL_EXT_EGL_image_storage GL_EXT_EGL_sync GL_EXT_abgr GL_EXT_blend_equation_separate GL_EXT_demote_to_helper_invocation GL_EXT_draw_buffers2 GL_EXT_draw_instanced GL_EXT_framebuffer_blit GL_EXT_framebuffer_multisample GL_EXT_framebuffer_multisample_blit_scaled GL_EXT_framebuffer_object GL_EXT_framebuffer_sRGB GL_EXT_memory_object GL_EXT_memory_object_fd GL_EXT_packed_depth_stencil GL_EXT_packed_float GL_EXT_pixel_buffer_object GL_EXT_polygon_offset_clamp GL_EXT_provoking_vertex GL_EXT_semaphore GL_EXT_semaphore_fd GL_EXT_shader_framebuffer_fetch GL_EXT_shader_framebuffer_fetch_non_coherent GL_EXT_shader_integer_mix GL_EXT_shader_samples_identical GL_EXT_texture_array GL_EXT_texture_compression_dxt1 GL_EXT_texture_compression_rgtc GL_EXT_texture_compression_s3tc GL_EXT_texture_filter_anisotropic GL_EXT_texture_integer GL_EXT_texture_sRGB GL_EXT_texture_sRGB_R8 GL_EXT_texture_sRGB_decode GL_EXT_texture_shadow_lod GL_EXT_texture_shared_exponent GL_EXT_t
exture_snorm GL_EXT_texture_swizzle GL_EXT_timer_query GL_EXT_transform_feedback GL_EXT_vertex_array_bgra GL_EXT_vertex_attrib_64bit GL_IBM_multimode_draw_arrays GL_INTEL_blackhole_render GL_INTEL_conservative_rasterization GL_INTEL_performance_query GL_INTEL_shader_atomic_float_minmax GL_INTEL_shader_integer_functions2 GL_KHR_blend_equation_advanced GL_KHR_blend_equation_advanced_coherent GL_KHR_context_flush_control GL_KHR_debug GL_KHR_no_error GL_KHR_parallel_shader_compile GL_KHR_robust_buffer_access_behavior GL_KHR_robustness GL_KHR_texture_compression_astc_ldr GL_KHR_texture_compression_astc_sliced_3d GL_MESA_framebuffer_flip_y GL_MESA_pack_invert GL_MESA_shader_integer_functions GL_MESA_texture_signed_rgba GL_NV_compute_shader_derivatives GL_NV_conditional_render GL_NV_copy_image GL_NV_depth_clamp GL_NV_fragment_shader_interlock GL_NV_packed_depth_stencil GL_NV_texture_barrier GL_OES_EGL_image GL_S3_s3tc
OPENGL LOG: Creating OpenGL 4.6 graphics device ; Context level  <OpenGL 4.5> ; Context handle 34087984
Begin MonoManager ReloadAssembly
- Completed reload, in  0.118 seconds
Default vsync count 1
requesting resize 156 x 156
resizing window to 156 x 156
Desktop is 3440 x 1440 @ 75 Hz
UnloadTime: 1.086635 ms
Registered Communicator.
requesting resize 156 x 156
resizing window to 156 x 156
Desktop is 3440 x 1440 @ 75 Hz
Win/Tot Games: 1 / 1
Win/Tot Games: 2 / 2
Win/Tot Games: 3 / 3
Win/Tot Games: 4 / 4
Win/Tot Games: 5 / 5
Win/Tot Games: 6 / 6
Win/Tot Games: 7 / 7
Win/Tot Games: 8 / 8
Win/Tot Games: 9 / 9
Win/Tot Games: 10 / 10
Win/Tot Games: 11 / 11
Win/Tot Games: 12 / 12
Win/Tot Games: 13 / 13
Win/Tot Games: 14 / 14
Win/Tot Games: 15 / 15
Win/Tot Games: 16 / 16
Win/Tot Games: 17 / 17
Win/Tot Games: 18 / 18
Win/Tot Games: 19 / 19
Win/Tot Games: 20 / 20
Win/Tot Games: 21 / 21
Win/Tot Games: 22 / 22
Win/Tot Games: 23 / 23
Win/Tot Games: 24 / 24
Win/Tot Games: 25 / 25
Win/Tot Games: 26 / 26
Win/Tot Games: 27 / 27
Win/Tot Games: 28 / 28
Win/Tot Games: 29 / 29
Win/Tot Games: 30 / 30
Win/Tot Games: 31 / 31
Win/Tot Games: 32 / 32
Win/Tot Games: 33 / 33
Win/Tot Games: 34 / 34
Win/Tot Games: 35 / 35
Win/Tot Games: 36 / 36
Win/Tot Games: 37 / 37
Win/Tot Games: 38 / 38
Win/Tot Games: 39 / 39
Win/Tot Games: 40 / 40
Win/Tot Games: 41 / 41
Win/Tot Games: 42 / 42
Win/Tot Games: 43 / 43
Win/Tot Games: 44 / 44
Win/Tot Games: 45 / 45
Win/Tot Games: 46 / 46
Win/Tot Games: 47 / 47
Win/Tot Games: 48 / 48
Win/Tot Games: 49 / 49
Win/Tot Games: 50 / 50
Win/Tot Games: 51 / 51
Win/Tot Games: 52 / 52
Win/Tot Games: 53 / 53
Win/Tot Games: 54 / 54
Win/Tot Games: 55 / 55
Win/Tot Games: 56 / 56
Win/Tot Games: 57 / 57
Win/Tot Games: 58 / 58
Win/Tot Games: 59 / 59
Win/Tot Games: 60 / 60
Win/Tot Games: 61 / 61
Win/Tot Games: 62 / 62
Win/Tot Games: 63 / 63
Win/Tot Games: 64 / 64
Win/Tot Games: 65 / 65
Win/Tot Games: 66 / 66
Win/Tot Games: 67 / 67
Win/Tot Games: 68 / 68
Win/Tot Games: 69 / 69
Win/Tot Games: 70 / 70
Win/Tot Games: 71 / 71
Win/Tot Games: 72 / 72
Win/Tot Games: 73 / 73
Win/Tot Games: 74 / 74
Win/Tot Games: 75 / 75
Win/Tot Games: 76 / 76
Win/Tot Games: 77 / 77
Win/Tot Games: 78 / 78
Win/Tot Games: 79 / 79
Win/Tot Games: 80 / 80
Win/Tot Games: 81 / 81
Win/Tot Games: 82 / 82
Win/Tot Games: 83 / 83
Win/Tot Games: 84 / 84
Win/Tot Games: 85 / 85
Win/Tot Games: 86 / 86
Win/Tot Games: 87 / 87
Win/Tot Games: 88 / 88
Win/Tot Games: 89 / 89
Win/Tot Games: 90 / 90
Win/Tot Games: 91 / 91
Win/Tot Games: 92 / 92
Win/Tot Games: 93 / 93
Win/Tot Games: 94 / 94
Win/Tot Games: 95 / 95
Win/Tot Games: 96 / 96
Win/Tot Games: 97 / 97
Win/Tot Games: 98 / 98
Win/Tot Games: 99 / 99
Win/Tot Games: 100 / 100
Win/Tot Games: 101 / 101
Win/Tot Games: 102 / 102
Win/Tot Games: 103 / 103
Win/Tot Games: 104 / 104
Win/Tot Games: 105 / 105
Win/Tot Games: 106 / 106
Win/Tot Games: 107 / 107
Win/Tot Games: 108 / 108
Win/Tot Games: 109 / 109
Win/Tot Games: 110 / 110
Win/Tot Games: 111 / 111
Win/Tot Games: 112 / 112
Win/Tot Games: 113 / 113
Win/Tot Games: 114 / 114
Win/Tot Games: 115 / 115
Win/Tot Games: 116 / 116
Win/Tot Games: 117 / 117
Win/Tot Games: 118 / 118
Win/Tot Games: 119 / 119
Win/Tot Games: 120 / 120
Win/Tot Games: 121 / 121
Win/Tot Games: 122 / 122
Win/Tot Games: 123 / 123
Win/Tot Games: 124 / 124
Win/Tot Games: 125 / 125
Win/Tot Games: 126 / 126
Win/Tot Games: 127 / 127
Win/Tot Games: 128 / 128
Win/Tot Games: 129 / 129
Win/Tot Games: 130 / 130
Win/Tot Games: 131 / 131
Win/Tot Games: 132 / 132
Win/Tot Games: 133 / 133
Win/Tot Games: 134 / 134
Win/Tot Games: 135 / 135
Win/Tot Games: 136 / 136
Win/Tot Games: 137 / 137
Win/Tot Games: 138 / 138
Win/Tot Games: 139 / 139
Win/Tot Games: 140 / 140
Win/Tot Games: 141 / 141
Win/Tot Games: 142 / 142
Win/Tot Games: 143 / 143
Win/Tot Games: 144 / 144
Win/Tot Games: 145 / 145
Win/Tot Games: 146 / 146
Win/Tot Games: 147 / 147
Win/Tot Games: 148 / 148
Win/Tot Games: 149 / 149
Win/Tot Games: 150 / 150
Win/Tot Games: 151 / 151
Win/Tot Games: 152 / 152
Win/Tot Games: 153 / 153
Win/Tot Games: 154 / 154
Win/Tot Games: 155 / 155
Win/Tot Games: 156 / 156
Win/Tot Games: 157 / 157
Win/Tot Games: 158 / 158
Win/Tot Games: 159 / 159
Win/Tot Games: 160 / 160
Win/Tot Games: 161 / 161
Win/Tot Games: 162 / 162
Win/Tot Games: 163 / 163
Win/Tot Games: 164 / 164
Win/Tot Games: 165 / 165
Win/Tot Games: 166 / 166
Win/Tot Games: 167 / 167
Win/Tot Games: 168 / 168
Win/Tot Games: 169 / 169
Win/Tot Games: 170 / 170
Win/Tot Games: 171 / 171
Win/Tot Games: 172 / 172
Win/Tot Games: 173 / 173
Win/Tot Games: 174 / 174
Win/Tot Games: 175 / 175
Win/Tot Games: 176 / 176
Win/Tot Games: 177 / 177
Win/Tot Games: 178 / 178
Win/Tot Games: 179 / 179
Win/Tot Games: 180 / 180
Win/Tot Games: 181 / 181
Win/Tot Games: 182 / 182
Win/Tot Games: 183 / 183
Win/Tot Games: 184 / 184
Win/Tot Games: 185 / 185
Win/Tot Games: 186 / 186
Win/Tot Games: 187 / 187
Win/Tot Games: 188 / 188
Win/Tot Games: 189 / 189
Win/Tot Games: 190 / 190
Win/Tot Games: 191 / 191
Win/Tot Games: 192 / 192
Win/Tot Games: 193 / 193
Win/Tot Games: 194 / 194
Win/Tot Games: 195 / 195
Win/Tot Games: 196 / 196
Win/Tot Games: 197 / 197
Win/Tot Games: 198 / 198
Win/Tot Games: 199 / 199
Win/Tot Games: 200 / 200
Win/Tot Games: 201 / 201
Win/Tot Games: 202 / 202
Win/Tot Games: 203 / 203
Win/Tot Games: 204 / 204
Win/Tot Games: 205 / 205
Win/Tot Games: 206 / 206
Win/Tot Games: 207 / 207
Win/Tot Games: 208 / 208
Win/Tot Games: 209 / 209
Win/Tot Games: 210 / 210
Win/Tot Games: 211 / 211
Win/Tot Games: 212 / 212
Win/Tot Games: 213 / 213
Win/Tot Games: 214 / 214
Win/Tot Games: 215 / 215
Win/Tot Games: 216 / 216
Win/Tot Games: 217 / 217
Win/Tot Games: 218 / 218
Win/Tot Games: 219 / 219
Win/Tot Games: 220 / 220
Win/Tot Games: 221 / 221
Win/Tot Games: 222 / 222
Win/Tot Games: 223 / 223
Win/Tot Games: 224 / 224
Win/Tot Games: 225 / 225
Win/Tot Games: 226 / 226
Win/Tot Games: 227 / 227
Win/Tot Games: 228 / 228
Win/Tot Games: 229 / 229
Win/Tot Games: 230 / 230
Win/Tot Games: 231 / 231
Win/Tot Games: 232 / 232
Win/Tot Games: 233 / 233
Win/Tot Games: 234 / 234
Win/Tot Games: 235 / 235
Win/Tot Games: 236 / 236
Win/Tot Games: 237 / 237
Win/Tot Games: 238 / 238
Win/Tot Games: 239 / 239
Win/Tot Games: 240 / 240
Win/Tot Games: 241 / 241
Win/Tot Games: 242 / 242
Win/Tot Games: 243 / 243
Win/Tot Games: 244 / 244
Win/Tot Games: 245 / 245
Win/Tot Games: 246 / 246
Win/Tot Games: 247 / 247
Win/Tot Games: 248 / 248
Win/Tot Games: 249 / 249
Win/Tot Games: 250 / 250
Win/Tot Games: 251 / 251
Win/Tot Games: 252 / 252
Win/Tot Games: 253 / 253
Win/Tot Games: 254 / 254
Win/Tot Games: 255 / 255
Win/Tot Games: 256 / 256
Win/Tot Games: 257 / 257
Win/Tot Games: 258 / 258
Win/Tot Games: 259 / 259
Win/Tot Games: 260 / 260
Win/Tot Games: 261 / 261
Win/Tot Games: 262 / 262
Win/Tot Games: 263 / 263
Win/Tot Games: 264 / 264
Win/Tot Games: 265 / 265
Win/Tot Games: 266 / 266
Win/Tot Games: 267 / 267
Win/Tot Games: 268 / 268
Win/Tot Games: 269 / 269
Win/Tot Games: 270 / 270
Win/Tot Games: 271 / 271
Win/Tot Games: 272 / 272
Win/Tot Games: 273 / 273
Win/Tot Games: 274 / 274
Win/Tot Games: 275 / 275
Win/Tot Games: 276 / 276
Win/Tot Games: 277 / 277
Win/Tot Games: 278 / 278
Win/Tot Games: 279 / 279
Win/Tot Games: 280 / 280
Win/Tot Games: 281 / 281
Win/Tot Games: 282 / 282
Win/Tot Games: 283 / 283
Win/Tot Games: 284 / 284
Win/Tot Games: 285 / 285
Win/Tot Games: 286 / 286
Win/Tot Games: 287 / 287
Win/Tot Games: 288 / 288
Win/Tot Games: 289 / 289
Win/Tot Games: 290 / 290
Win/Tot Games: 291 / 291
Win/Tot Games: 292 / 292
Win/Tot Games: 293 / 293
Win/Tot Games: 294 / 294
Win/Tot Games: 295 / 295
Win/Tot Games: 296 / 296
Win/Tot Games: 297 / 297
Win/Tot Games: 298 / 298
Win/Tot Games: 299 / 299
Win/Tot Games: 300 / 300
Win/Tot Games: 301 / 301
Win/Tot Games: 302 / 302
Win/Tot Games: 303 / 303
Win/Tot Games: 304 / 304
Win/Tot Games: 305 / 305
Win/Tot Games: 306 / 306
Win/Tot Games: 307 / 307
Win/Tot Games: 308 / 308
Win/Tot Games: 309 / 309
Win/Tot Games: 310 / 310
Win/Tot Games: 311 / 311
Win/Tot Games: 312 / 312
Win/Tot Games: 313 / 313
Win/Tot Games: 314 / 314
Win/Tot Games: 315 / 315
Win/Tot Games: 316 / 316
Win/Tot Games: 317 / 317
Win/Tot Games: 318 / 318
Win/Tot Games: 319 / 319
Win/Tot Games: 320 / 320
Win/Tot Games: 321 / 321
Win/Tot Games: 322 / 322
Win/Tot Games: 323 / 323
Win/Tot Games: 324 / 324
Win/Tot Games: 325 / 325
Win/Tot Games: 326 / 326
Win/Tot Games: 327 / 327
Win/Tot Games: 328 / 328
Win/Tot Games: 329 / 329
Win/Tot Games: 330 / 330
Win/Tot Games: 331 / 331
Win/Tot Games: 332 / 332
Win/Tot Games: 333 / 333
Win/Tot Games: 334 / 334
Win/Tot Games: 335 / 335
Setting up 6 worker threads for Enlighten.
Memory Statistics:
[ALLOC_TEMP_TLS] TLS Allocator
  StackAllocators : 
    [ALLOC_TEMP_MAIN]
      Peak usage frame count: [8.0 KB-16.0 KB]: 1 frames, [16.0 KB-32.0 KB]: 53610 frames, [32.0 KB-64.0 KB]: 36460 frames, [2.0 MB-4.0 MB]: 1 frames
      Initial Block Size 4.0 MB
      Current Block Size 4.0 MB
      Peak Allocated Bytes 2.1 MB
      Overflow Count 0
    [ALLOC_TEMP_Loading.AsyncRead]
      Initial Block Size 64.0 KB
      Current Block Size 64.0 KB
      Peak Allocated Bytes 128 B
      Overflow Count 0
    [ALLOC_TEMP_Loading.PreloadManager]
      Initial Block Size 256.0 KB
      Current Block Size 256.0 KB
      Peak Allocated Bytes 90.2 KB
      Overflow Count 4
    [ALLOC_TEMP_Background Job.Worker 8]
      Initial Block Size 32.0 KB
      Current Block Size 32.0 KB
      Peak Allocated Bytes 0 B
      Overflow Count 0
    [ALLOC_TEMP_Job.Worker 6]
      Initial Block Size 256.0 KB
      Current Block Size 256.0 KB
      Peak Allocated Bytes 1.9 KB
      Overflow Count 0
    [ALLOC_TEMP_Job.Worker 0]
      Initial Block Size 256.0 KB
      Current Block Size 256.0 KB
      Peak Allocated Bytes 1.9 KB
      Overflow Count 0
    [ALLOC_TEMP_Background Job.Worker 10]
      Initial Block Size 32.0 KB
      Current Block Size 32.0 KB
      Peak Allocated Bytes 0 B
      Overflow Count 0
    [ALLOC_TEMP_Background Job.Worker 9]
      Initial Block Size 32.0 KB
      Current Block Size 32.0 KB
      Peak Allocated Bytes 0 B
      Overflow Count 0
    [ALLOC_TEMP_Job.Worker 5]
      Initial Block Size 256.0 KB
      Current Block Size 256.0 KB
      Peak Allocated Bytes 1.9 KB
      Overflow Count 0
    [ALLOC_TEMP_Background Job.Worker 14]
      Initial Block Size 32.0 KB
      Current Block Size 32.0 KB
      Peak Allocated Bytes 0 B
      Overflow Count 0
    [ALLOC_TEMP_Background Job.Worker 6]
      Initial Block Size 32.0 KB
      Current Block Size 32.0 KB
      Peak Allocated Bytes 0 B
      Overflow Count 0
    [ALLOC_TEMP_Job.Worker 4]
      Initial Block Size 256.0 KB
      Current Block Size 256.0 KB
      Peak Allocated Bytes 1.9 KB
      Overflow Count 0
    [ALLOC_TEMP_Job.Worker 3]
      Initial Block Size 256.0 KB
      Current Block Size 256.0 KB
      Peak Allocated Bytes 1.9 KB
      Overflow Count 0
    [ALLOC_TEMP_Background Job.Worker 12]
      Initial Block Size 32.0 KB
      Current Block Size 32.0 KB
      Peak Allocated Bytes 0 B
      Overflow Count 0
    [ALLOC_TEMP_EnlightenWorker] x 6
      Initial Block Size 64.0 KB
      Current Block Size 64.0 KB
      Peak Allocated Bytes 0 B
      Overflow Count 0
    [ALLOC_TEMP_Background Job.Worker 15]
      Initial Block Size 32.0 KB
      Current Block Size 32.0 KB
      Peak Allocated Bytes 0 B
      Overflow Count 0
    [ALLOC_TEMP_Background Job.Worker 1]
      Initial Block Size 32.0 KB
      Current Block Size 32.0 KB
      Peak Allocated Bytes 0 B
      Overflow Count 0
    [ALLOC_TEMP_Background Job.Worker 2]
      Initial Block Size 32.0 KB
      Current Block Size 32.0 KB
      Peak Allocated Bytes 0 B
      Overflow Count 0
    [ALLOC_TEMP_Background Job.Worker 7]
      Initial Block Size 32.0 KB
      Current Block Size 32.0 KB
      Peak Allocated Bytes 0 B
      Overflow Count 0
    [ALLOC_TEMP_UnityGfxDeviceWorker]
      Initial Block Size 256.0 KB
      Current Block Size 256.0 KB
      Peak Allocated Bytes 32.2 KB
      Overflow Count 0
    [ALLOC_TEMP_AssetGarbageCollectorHelper] x 11
      Initial Block Size 64.0 KB
      Current Block Size 64.0 KB
      Peak Allocated Bytes 0 B
      Overflow Count 0
    [ALLOC_TEMP_Background Job.Worker 5]
      Initial Block Size 32.0 KB
      Current Block Size 32.0 KB
      Peak Allocated Bytes 0 B
      Overflow Count 0
    [ALLOC_TEMP_Job.Worker 9]
      Initial Block Size 256.0 KB
      Current Block Size 256.0 KB
      Peak Allocated Bytes 1.9 KB
      Overflow Count 0
    [ALLOC_TEMP_Background Job.Worker 13]
      Initial Block Size 32.0 KB
      Current Block Size 32.0 KB
      Peak Allocated Bytes 0 B
      Overflow Count 0
    [ALLOC_TEMP_Job.Worker 8]
      Initial Block Size 256.0 KB
      Current Block Size 256.0 KB
      Peak Allocated Bytes 1.9 KB
      Overflow Count 0
    [ALLOC_TEMP_Job.Worker 7]
      Initial Block Size 256.0 KB
      Current Block Size 256.0 KB
      Peak Allocated Bytes 1.9 KB
      Overflow Count 0
    [ALLOC_TEMP_Job.Worker 1]
      Initial Block Size 256.0 KB
      Current Block Size 256.0 KB
      Peak Allocated Bytes 1.9 KB
      Overflow Count 0
    [ALLOC_TEMP_Job.Worker 2]
      Initial Block Size 256.0 KB
      Current Block Size 256.0 KB
      Peak Allocated Bytes 1.9 KB
      Overflow Count 0
    [ALLOC_TEMP_Background Job.Worker 3]
      Initial Block Size 32.0 KB
      Current Block Size 32.0 KB
      Peak Allocated Bytes 0 B
      Overflow Count 0
    [ALLOC_TEMP_Background Job.Worker 11]
      Initial Block Size 32.0 KB
      Current Block Size 32.0 KB
      Peak Allocated Bytes 0 B
      Overflow Count 0
    [ALLOC_TEMP_Job.Worker 10]
      Initial Block Size 256.0 KB
      Current Block Size 256.0 KB
      Peak Allocated Bytes 1.9 KB
      Overflow Count 0
    [ALLOC_TEMP_Background Job.Worker 0]
      Initial Block Size 32.0 KB
      Current Block Size 32.0 KB
      Peak Allocated Bytes 0 B
      Overflow Count 0
    [ALLOC_TEMP_Background Job.Worker 4]
      Initial Block Size 32.0 KB
      Current Block Size 32.0 KB
      Peak Allocated Bytes 0 B
      Overflow Count 0
    [ALLOC_TEMP_BatchDeleteObjects]
      Initial Block Size 64.0 KB
      Current Block Size 64.0 KB
      Peak Allocated Bytes 0 B
      Overflow Count 0
[ALLOC_DEFAULT] Dual Thread Allocator
  Peak main deferred allocation count 493
    [ALLOC_BUCKET]
      Large Block size 4.0 MB
      Used Block count 1
      Peak Allocated bytes 1.5 MB
    [ALLOC_DEFAULT_MAIN]
      Peak usage frame count: [8.0 MB-16.0 MB]: 1966 frames, [16.0 MB-32.0 MB]: 13762 frames, [32.0 MB-64.0 MB]: 47185 frames, [64.0 MB-128.0 MB]: 27158 frames, [128.0 MB-256.0 MB]: 1 frames
      Requested Block Size 16.0 MB
      Peak Block count 2
      Peak Allocated memory 133.5 MB
      Peak Large allocation bytes 120.0 MB
    [ALLOC_DEFAULT_THREAD]
      Peak usage frame count: [16.0 MB-32.0 MB]: 90072 frames
      Requested Block Size 16.0 MB
      Peak Block count 1
      Peak Allocated memory 17.0 MB
      Peak Large allocation bytes 16.0 MB
[ALLOC_TEMP_JOB_1_FRAME]
  Initial Block Size 2.0 MB
  Used Block Count 1
  Overflow Count (too large) 0
  Overflow Count (full) 0
[ALLOC_TEMP_JOB_2_FRAMES]
  Initial Block Size 2.0 MB
  Used Block Count 1
  Overflow Count (too large) 0
  Overflow Count (full) 0
[ALLOC_TEMP_JOB_4_FRAMES (JobTemp)]
  Initial Block Size 2.0 MB
  Used Block Count 4
  Overflow Count (too large) 0
  Overflow Count (full) 0
[ALLOC_TEMP_JOB_ASYNC (Background)]
  Initial Block Size 1.0 MB
  Used Block Count 3
  Overflow Count (too large) 0
  Overflow Count (full) 0
[ALLOC_GFX] Dual Thread Allocator
  Peak main deferred allocation count 2
    [ALLOC_BUCKET]
      Large Block size 4.0 MB
      Used Block count 1
      Peak Allocated bytes 1.5 MB
    [ALLOC_GFX_MAIN]
      Peak usage frame count: [64.0 KB-128.0 KB]: 90071 frames, [2.0 MB-4.0 MB]: 1 frames
      Requested Block Size 16.0 MB
      Peak Block count 1
      Peak Allocated memory 2.8 MB
      Peak Large allocation bytes 0 B
    [ALLOC_GFX_THREAD]
      Peak usage frame count: [64.0 KB-128.0 KB]: 90072 frames
      Requested Block Size 16.0 MB
      Peak Block count 1
      Peak Allocated memory 106.5 KB
      Peak Large allocation bytes 0 B
[ALLOC_CACHEOBJECTS] Dual Thread Allocator
  Peak main deferred allocation count 0
    [ALLOC_BUCKET]
      Large Block size 4.0 MB
      Used Block count 1
      Peak Allocated bytes 1.5 MB
    [ALLOC_CACHEOBJECTS_MAIN]
      Peak usage frame count: [0.5 MB-1.0 MB]: 90071 frames, [1.0 MB-2.0 MB]: 1 frames
      Requested Block Size 4.0 MB
      Peak Block count 1
      Peak Allocated memory 1.1 MB
      Peak Large allocation bytes 0 B
    [ALLOC_CACHEOBJECTS_THREAD]
      Peak usage frame count: [128.0 KB-256.0 KB]: 90071 frames, [256.0 KB-0.5 MB]: 1 frames
      Requested Block Size 4.0 MB
      Peak Block count 1
      Peak Allocated memory 363.7 KB
      Peak Large allocation bytes 0 B
[ALLOC_TYPETREE] Dual Thread Allocator
  Peak main deferred allocation count 0
    [ALLOC_BUCKET]
      Large Block size 4.0 MB
      Used Block count 1
      Peak Allocated bytes 1.5 MB
    [ALLOC_TYPETREE_MAIN]
      Peak usage frame count: [0-1.0 KB]: 90072 frames
      Requested Block Size 2.0 MB
      Peak Block count 1
      Peak Allocated memory 1.0 KB
      Peak Large allocation bytes 0 B
    [ALLOC_TYPETREE_THREAD]
      Peak usage frame count: [2.0 KB-4.0 KB]: 90072 frames
      Requested Block Size 2.0 MB
      Peak Block count 1
      Peak Allocated memory 3.3 KB
      Peak Large allocation bytes 0 B
